Log file open, 06/03/22 17:08:28
LogWindows: Failed to load 'aqProf.dll' (GetLastError=126)
LogWindows: File 'aqProf.dll' does not exist
LogWindows: Failed to load 'VtuneApi.dll' (GetLastError=126)
LogWindows: File 'VtuneApi.dll' does not exist
LogWindows: Failed to load 'VtuneApi32e.dll' (GetLastError=126)
LogWindows: File 'VtuneApi32e.dll' does not exist
LogConsoleResponse: Display: Failed to find resolution value strings in scalability ini. Falling back to default.
LogConsoleResponse: Display: Failed to find resolution value strings in scalability ini. Falling back to default.
LogInit: Display: Running engine for game: MyProject
LogPlatformFile: Not using cached read wrapper
LogTaskGraph: Started task graph with 5 named threads and 14 total threads with 3 sets of task threads.
LogStats: Stats thread started at 0.329568
LogICUInternationalization: ICU TimeZone Detection - Raw Offset: +0:00, Platform Override: ''
LogInit: Display: Loading text-based GConfig....
LogPluginManager: Mounting plugin MeshPainting
LogPluginManager: Mounting plugin XGEController
LogPluginManager: Mounting plugin Paper2D
LogPluginManager: Mounting plugin LiveLink
LogPluginManager: Mounting plugin AISupport
LogPluginManager: Mounting plugin EnvironmentQueryEditor
LogPluginManager: Mounting plugin LightPropagationVolume
LogPluginManager: Mounting plugin CameraShakePreviewer
LogPluginManager: Mounting plugin GameplayCameras
LogPluginManager: Mounting plugin OodleData
LogPluginManager: Mounting plugin OodleNetwork
LogPluginManager: Mounting plugin AnimationSharing
LogPluginManager: Mounting plugin CLionSourceCodeAccess
LogPluginManager: Mounting plugin GitSourceControl
LogPluginManager: Mounting plugin KDevelopSourceCodeAccess
LogPluginManager: Mounting plugin NullSourceCodeAccess
LogPluginManager: Mounting plugin PerforceSourceControl
LogPluginManager: Mounting plugin PixWinPlugin
LogPluginManager: Mounting plugin PlasticSourceControl
LogPluginManager: Mounting plugin PluginUtils
LogPluginManager: Mounting plugin PropertyAccessNode
LogPluginManager: Mounting plugin RiderSourceCodeAccess
LogPluginManager: Mounting plugin SubversionSourceControl
LogPluginManager: Mounting plugin TextureFormatOodle
LogPluginManager: Mounting plugin UObjectPlugin
LogPluginManager: Mounting plugin VisualStudioCodeSourceCodeAccess
LogPluginManager: Mounting plugin VisualStudioSourceCodeAccess
LogPluginManager: Mounting plugin XCodeSourceCodeAccess
LogPluginManager: Mounting plugin DatasmithContent
LogPluginManager: Mounting plugin AssetManagerEditor
LogPluginManager: Mounting plugin CryptoKeys
LogPluginManager: Mounting plugin CurveEditorTools
LogPluginManager: Mounting plugin DataValidation
LogPluginManager: Mounting plugin FacialAnimation
LogPluginManager: Mounting plugin GameplayTagsEditor
LogPluginManager: Mounting plugin GeometryMode
LogPluginManager: Mounting plugin VariantManagerContent
LogPluginManager: Mounting plugin MacGraphicsSwitching
LogPluginManager: Mounting plugin MaterialAnalyzer
LogPluginManager: Mounting plugin MobileLauncherProfileWizard
LogPluginManager: Mounting plugin PluginBrowser
LogPluginManager: Mounting plugin SpeedTreeImporter
LogPluginManager: Mounting plugin Niagara
LogPluginManager: Mounting plugin LuminPlatformFeatures
LogPluginManager: Mounting plugin MagicLeap
LogPluginManager: Mounting plugin MagicLeapLightEstimation
LogPluginManager: Mounting plugin MagicLeapMedia
LogPluginManager: Mounting plugin MagicLeapPassableWorld
LogPluginManager: Mounting plugin MLSDK
LogPluginManager: Mounting plugin AndroidMedia
LogPluginManager: Mounting plugin AvfMedia
LogPluginManager: Mounting plugin ImgMedia
LogPluginManager: Mounting plugin MediaCompositing
LogPluginManager: Mounting plugin MediaPlayerEditor
LogPluginManager: Mounting plugin WebMMedia
LogPluginManager: Mounting plugin WmfMedia
LogPluginManager: Mounting plugin TcpMessaging
LogPluginManager: Mounting plugin UdpMessaging
LogPluginManager: Mounting plugin AlembicImporter
LogPluginManager: Mounting plugin AutomationUtils
LogPluginManager: Mounting plugin BackChannel
LogPluginManager: Mounting plugin ChaosCloth
LogPluginManager: Mounting plugin ChaosEditor
LogPluginManager: Mounting plugin ChaosClothEditor
LogPluginManager: Mounting plugin ChaosNiagara
LogPluginManager: Mounting plugin ChaosSolverPlugin
LogPluginManager: Mounting plugin ActorSequence
LogPluginManager: Mounting plugin LevelSequenceEditor
LogPluginManager: Mounting plugin MatineeToLevelSequence
LogPluginManager: Mounting plugin TemplateSequence
LogPluginManager: Mounting plugin CharacterAI
LogPluginManager: Mounting plugin GeometryCache
LogPluginManager: Mounting plugin GeometryCollectionPlugin
LogPluginManager: Mounting plugin GeometryProcessing
LogPluginManager: Mounting plugin MotoSynth
LogPluginManager: Mounting plugin OpenImageDenoise
LogPluginManager: Mounting plugin PlanarCut
LogPluginManager: Mounting plugin PlatformCrypto
LogPluginManager: Mounting plugin PythonScriptPlugin
LogPluginManager: Mounting plugin ProxyLODPlugin
LogPluginManager: Mounting plugin OnlineSubsystem
LogPluginManager: Mounting plugin OnlineSubsystemNull
LogPluginManager: Mounting plugin OnlineSubsystemUtils
LogPluginManager: Mounting plugin SkeletalReduction
LogPluginManager: Mounting plugin CodeLiteSourceCodeAccess
LogPluginManager: Mounting plugin LauncherChunkInstaller
LogPluginManager: Mounting plugin ActorLayerUtilities
LogPluginManager: Mounting plugin AndroidDeviceProfileSelector
LogPluginManager: Mounting plugin AndroidMoviePlayer
LogPluginManager: Mounting plugin AndroidPermission
LogPluginManager: Mounting plugin AppleImageUtils
LogPluginManager: Mounting plugin AppleMoviePlayer
LogPluginManager: Mounting plugin ArchVisCharacter
LogPluginManager: Mounting plugin AssetTags
LogPluginManager: Mounting plugin AudioCapture
LogPluginManager: Mounting plugin AudioSynesthesia
LogPluginManager: Mounting plugin CableComponent
LogPluginManager: Mounting plugin ChunkDownloader
LogPluginManager: Mounting plugin CustomMeshComponent
LogPluginManager: Mounting plugin EditableMesh
LogPluginManager: Mounting plugin ExampleDeviceProfileSelector
LogPluginManager: Mounting plugin GoogleCloudMessaging
LogPluginManager: Mounting plugin GooglePAD
LogPluginManager: Mounting plugin IOSDeviceProfileSelector
LogPluginManager: Mounting plugin LinuxDeviceProfileSelector
LogPluginManager: Mounting plugin LocationServicesBPLibrary
LogPluginManager: Mounting plugin MobilePatchingUtils
LogPluginManager: Mounting plugin OpenXR
LogPluginManager: Mounting plugin OpenXREyeTracker
LogPluginManager: Mounting plugin OpenXRHandTracking
LogPluginManager: Mounting plugin PhysXVehicles
LogPluginManager: Mounting plugin PostSplashScreen
LogPluginManager: Mounting plugin ProceduralMeshComponent
LogPluginManager: Mounting plugin PropertyAccessEditor
LogPluginManager: Mounting plugin RuntimePhysXCooking
LogPluginManager: Mounting plugin SignificanceManager
LogPluginManager: Mounting plugin SoundFields
LogPluginManager: Mounting plugin Synthesis
LogPluginManager: Mounting plugin WebMMoviePlayer
LogPluginManager: Mounting plugin WindowsMoviePlayer
LogPluginManager: Mounting plugin ScreenshotTools
LogPluginManager: Mounting plugin Takes
LogPluginManager: Mounting plugin ContentBrowserAssetDataSource
LogPluginManager: Mounting plugin ContentBrowserClassDataSource
LogPluginManager: Mounting plugin ContentBrowserFileDataSource
LogPluginManager: Mounting plugin OnlineSubsystemGooglePlay
LogPluginManager: Mounting plugin OnlineSubsystemIOS
LogPluginManager: Mounting plugin OculusVR
LogPluginManager: Mounting plugin SteamVR
PixWinPlugin: PIX capture plugin failed to initialize! Check that the process is launched from PIX.
LogLuminAPIImpl: Warning: MLSDK not found.  This likely means the MLSDK environment variable is not set.
LogInit: Using libcurl 7.55.1-DEV
LogInit:  - built for x86_64-pc-win32
LogInit:  - supports SSL with OpenSSL/1.1.1
LogInit:  - supports HTTP deflate (compression) using libz 1.2.8
LogInit:  - other features:
LogInit:      CURL_VERSION_SSL
LogInit:      CURL_VERSION_LIBZ
LogInit:      CURL_VERSION_IPV6
LogInit:      CURL_VERSION_ASYNCHDNS
LogInit:      CURL_VERSION_LARGEFILE
LogInit:      CURL_VERSION_IDN
LogInit:  CurlRequestOptions (configurable via config and command line):
LogInit:  - bVerifyPeer = true  - Libcurl will verify peer certificate
LogInit:  - bUseHttpProxy = false  - Libcurl will NOT use HTTP proxy
LogInit:  - bDontReuseConnections = false  - Libcurl will reuse connections
LogInit:  - MaxHostConnections = 16  - Libcurl will limit the number of connections to a host
LogInit:  - LocalHostAddr = Default
LogInit:  - BufferSize = 65536
LogOnline: OSS: Creating online subsystem instance for: NULL
LogInit: WinSock: version 1.1 (2.2), MaxSocks=32767, MaxUdp=65467
LogOnline: OSS: TryLoadSubsystemAndSetDefault: Loaded subsystem for module [NULL]
LogOculusPluginWrapper: OculusPlugin initialized successfully
LogHMD: Failed initializing OVRPlugin 1.59.0
LogInit: Build: ++UE4+Release-4.27-CL-18319896
LogInit: Engine Version: 4.27.2-18319896+++UE4+Release-4.27
LogInit: Compatible Engine Version: 4.27.0-17155196+++UE4+Release-4.27
LogInit: Net CL: 17155196
LogInit: OS: Windows 10 (Release 2009) (), CPU: AMD Ryzen 3 2200G with Radeon Vega Graphics    , GPU: NVIDIA GeForce RTX 2060
LogInit: Compiled (64-bit): Nov 30 2021 07:12:08
LogInit: Compiled with Visual C++: 19.24.28315.00
LogInit: Build Configuration: Development
LogInit: Branch Name: ++UE4+Release-4.27
LogInit: Command Line:  -EpicPortal -epicusername=Bipolarstudio007 -epicuserid=4c05be99ade641908a6cd701f4457c78 -epiclocale=en -epicsandboxid=ue
LogInit: Base Directory: D:/x2/a down/Youtube tuts/UE_4.27/Engine/Binaries/Win64/
LogInit: Allocator: TBB
LogInit: Installed Engine Build: 1
LogDevObjectVersion: Number of dev versions registered: 29
LogDevObjectVersion:   Dev-Blueprints (B0D832E4-1F89-4F0D-ACCF-7EB736FD4AA2): 10
LogDevObjectVersion:   Dev-Build (E1C64328-A22C-4D53-A36C-8E866417BD8C): 0
LogDevObjectVersion:   Dev-Core (375EC13C-06E4-48FB-B500-84F0262A717E): 4
LogDevObjectVersion:   Dev-Editor (E4B068ED-F494-42E9-A231-DA0B2E46BB41): 40
LogDevObjectVersion:   Dev-Framework (CFFC743F-43B0-4480-9391-14DF171D2073): 37
LogDevObjectVersion:   Dev-Mobile (B02B49B5-BB20-44E9-A304-32B752E40360): 3
LogDevObjectVersion:   Dev-Networking (A4E4105C-59A1-49B5-A7C5-40C4547EDFEE): 0
LogDevObjectVersion:   Dev-Online (39C831C9-5AE6-47DC-9A44-9C173E1C8E7C): 0
LogDevObjectVersion:   Dev-Physics (78F01B33-EBEA-4F98-B9B4-84EACCB95AA2): 14
LogDevObjectVersion:   Dev-Platform (6631380F-2D4D-43E0-8009-CF276956A95A): 0
LogDevObjectVersion:   Dev-Rendering (12F88B9F-8875-4AFC-A67C-D90C383ABD29): 45
LogDevObjectVersion:   Dev-Sequencer (7B5AE74C-D270-4C10-A958-57980B212A5A): 13
LogDevObjectVersion:   Dev-VR (D7296918-1DD6-4BDD-9DE2-64A83CC13884): 3
LogDevObjectVersion:   Dev-LoadTimes (C2A15278-BFE7-4AFE-6C17-90FF531DF755): 1
LogDevObjectVersion:   Private-Geometry (6EACA3D4-40EC-4CC1-B786-8BED09428FC5): 3
LogDevObjectVersion:   Dev-AnimPhys (29E575DD-E0A3-4627-9D10-D276232CDCEA): 17
LogDevObjectVersion:   Dev-Anim (AF43A65D-7FD3-4947-9873-3E8ED9C1BB05): 15
LogDevObjectVersion:   Dev-ReflectionCapture (6B266CEC-1EC7-4B8F-A30B-E4D90942FC07): 1
LogDevObjectVersion:   Dev-Automation (0DF73D61-A23F-47EA-B727-89E90C41499A): 1
LogDevObjectVersion:   FortniteMain (601D1886-AC64-4F84-AA16-D3DE0DEAC7D6): 47
LogDevObjectVersion:   FortniteRelease (E7086368-6B23-4C58-8439-1B7016265E91): 1
LogDevObjectVersion:   Dev-Enterprise (9DFFBCD6-494F-0158-E221-12823C92A888): 10
LogDevObjectVersion:   Dev-Niagara (F2AED0AC-9AFE-416F-8664-AA7FFA26D6FC): 1
LogDevObjectVersion:   Dev-Destruction (174F1F0B-B4C6-45A5-B13F-2EE8D0FB917D): 10
LogDevObjectVersion:   Dev-Physics-Ext (35F94A83-E258-406C-A318-09F59610247C): 41
LogDevObjectVersion:   Dev-PhysicsMaterial-Chaos (B68FC16E-8B1B-42E2-B453-215C058844FE): 1
LogDevObjectVersion:   Dev-CineCamera (B2E18506-4273-CFC2-A54E-F4BB758BBA07): 1
LogDevObjectVersion:   Dev-VirtualProduction (64F58936-FD1B-42BA-BA96-7289D5D0FA4E): 1
LogDevObjectVersion:   Dev-MediaFramework (6F0ED827-A609-4895-9C91-998D90180EA4): 2
LogInit: Presizing for max 25165824 objects, including 0 objects not considered by GC, pre-allocating 0 bytes for permanent pool.
LogConfig: Applying CVar settings from Section [/Script/Engine.StreamingSettings] File [D:/Take3/Custom-Ability-System-Project/MyProject/Saved/Config/Windows/Engine.ini]
LogConfig: Setting CVar [[s.MinBulkDataSizeForAsyncLoading:131072]]
LogConfig: Setting CVar [[s.AsyncLoadingThreadEnabled:0]]
LogConfig: Setting CVar [[s.EventDrivenLoaderEnabled:1]]
LogConfig: Setting CVar [[s.WarnIfTimeLimitExceeded:0]]
LogConfig: Setting CVar [[s.TimeLimitExceededMultiplier:1.5]]
LogConfig: Setting CVar [[s.TimeLimitExceededMinTime:0.005]]
LogConfig: Setting CVar [[s.UseBackgroundLevelStreaming:1]]
LogConfig: Setting CVar [[s.PriorityAsyncLoadingExtraTime:15.0]]
LogConfig: Setting CVar [[s.LevelStreamingActorsUpdateTimeLimit:5.0]]
LogConfig: Setting CVar [[s.PriorityLevelStreamingActorsUpdateExtraTime:5.0]]
LogConfig: Setting CVar [[s.LevelStreamingComponentsRegistrationGranularity:10]]
LogConfig: Setting CVar [[s.UnregisterComponentsTimeLimit:1.0]]
LogConfig: Setting CVar [[s.LevelStreamingComponentsUnregistrationGranularity:5]]
LogConfig: Setting CVar [[s.FlushStreamingOnExit:1]]
LogInit: Object subsystem initialized
LogConfig: Setting CVar [[con.DebugEarlyDefault:1]]
LogConfig: Setting CVar [[r.setres:1280x720]]
[2022.06.03-16.08.28:923][  0]LogConfig: Setting CVar [[r.VSync:0]]
[2022.06.03-16.08.28:923][  0]LogConfig: Setting CVar [[r.RHICmdBypass:0]]
[2022.06.03-16.08.28:923][  0]LogConfig: Applying CVar settings from Section [/Script/Engine.RendererSettings] File [D:/Take3/Custom-Ability-System-Project/MyProject/Saved/Config/Windows/Engine.ini]
[2022.06.03-16.08.28:923][  0]LogConfig: Setting CVar [[r.GPUCrashDebugging:0]]
[2022.06.03-16.08.28:923][  0]LogConfig: Applying CVar settings from Section [/Script/Engine.RendererOverrideSettings] File [D:/Take3/Custom-Ability-System-Project/MyProject/Saved/Config/Windows/Engine.ini]
[2022.06.03-16.08.28:923][  0]LogConfig: Applying CVar settings from Section [/Script/Engine.StreamingSettings] File [D:/Take3/Custom-Ability-System-Project/MyProject/Saved/Config/Windows/Engine.ini]
[2022.06.03-16.08.28:923][  0]LogConfig: Setting CVar [[s.MinBulkDataSizeForAsyncLoading:131072]]
[2022.06.03-16.08.28:923][  0]LogConfig: Setting CVar [[s.AsyncLoadingThreadEnabled:0]]
[2022.06.03-16.08.28:923][  0]LogConfig: Setting CVar [[s.EventDrivenLoaderEnabled:1]]
[2022.06.03-16.08.28:923][  0]LogConfig: Setting CVar [[s.WarnIfTimeLimitExceeded:0]]
[2022.06.03-16.08.28:923][  0]LogConfig: Setting CVar [[s.TimeLimitExceededMultiplier:1.5]]
[2022.06.03-16.08.28:923][  0]LogConfig: Setting CVar [[s.TimeLimitExceededMinTime:0.005]]
[2022.06.03-16.08.28:923][  0]LogConfig: Setting CVar [[s.UseBackgroundLevelStreaming:1]]
[2022.06.03-16.08.28:923][  0]LogConfig: Setting CVar [[s.PriorityAsyncLoadingExtraTime:15.0]]
[2022.06.03-16.08.28:923][  0]LogConfig: Setting CVar [[s.LevelStreamingActorsUpdateTimeLimit:5.0]]
[2022.06.03-16.08.28:923][  0]LogConfig: Setting CVar [[s.PriorityLevelStreamingActorsUpdateExtraTime:5.0]]
[2022.06.03-16.08.28:923][  0]LogConfig: Setting CVar [[s.LevelStreamingComponentsRegistrationGranularity:10]]
[2022.06.03-16.08.28:923][  0]LogConfig: Setting CVar [[s.UnregisterComponentsTimeLimit:1.0]]
[2022.06.03-16.08.28:923][  0]LogConfig: Setting CVar [[s.LevelStreamingComponentsUnregistrationGranularity:5]]
[2022.06.03-16.08.28:923][  0]LogConfig: Setting CVar [[s.FlushStreamingOnExit:1]]
[2022.06.03-16.08.28:923][  0]LogConfig: Applying CVar settings from Section [/Script/Engine.GarbageCollectionSettings] File [D:/Take3/Custom-Ability-System-Project/MyProject/Saved/Config/Windows/Engine.ini]
[2022.06.03-16.08.28:923][  0]LogConfig: Setting CVar [[gc.MaxObjectsNotConsideredByGC:1]]
[2022.06.03-16.08.28:923][  0]LogConfig: Setting CVar [[gc.SizeOfPermanentObjectPool:0]]
[2022.06.03-16.08.28:923][  0]LogConfig: Setting CVar [[gc.FlushStreamingOnGC:0]]
[2022.06.03-16.08.28:923][  0]LogConfig: Setting CVar [[gc.NumRetriesBeforeForcingGC:10]]
[2022.06.03-16.08.28:923][  0]LogConfig: Setting CVar [[gc.AllowParallelGC:1]]
[2022.06.03-16.08.28:923][  0]LogConfig: Setting CVar [[gc.TimeBetweenPurgingPendingKillObjects:61.1]]
[2022.06.03-16.08.28:923][  0]LogConfig: Setting CVar [[gc.MaxObjectsInEditor:25165824]]
[2022.06.03-16.08.28:923][  0]LogConfig: Setting CVar [[gc.IncrementalBeginDestroyEnabled:1]]
[2022.06.03-16.08.28:923][  0]LogConfig: Setting CVar [[gc.CreateGCClusters:1]]
[2022.06.03-16.08.28:924][  0]LogConfig: Setting CVar [[gc.MinGCClusterSize:5]]
[2022.06.03-16.08.28:924][  0]LogConfig: Setting CVar [[gc.ActorClusteringEnabled:0]]
[2022.06.03-16.08.28:924][  0]LogConfig: Setting CVar [[gc.BlueprintClusteringEnabled:0]]
[2022.06.03-16.08.28:924][  0]LogConfig: Setting CVar [[gc.UseDisregardForGCOnDedicatedServers:0]]
[2022.06.03-16.08.28:924][  0]LogConfig: Setting CVar [[gc.MultithreadedDestructionEnabled:1]]
[2022.06.03-16.08.28:924][  0]LogConfig: Applying CVar settings from Section [/Script/Engine.NetworkSettings] File [D:/Take3/Custom-Ability-System-Project/MyProject/Saved/Config/Windows/Engine.ini]
[2022.06.03-16.08.28:924][  0]LogConfig: Applying CVar settings from Section [/Script/UnrealEd.CookerSettings] File [D:/Take3/Custom-Ability-System-Project/MyProject/Saved/Config/Windows/Engine.ini]
[2022.06.03-16.08.28:956][  0]LogConfig: Applying CVar settings from Section [ViewDistanceQuality@3] File [D:/Take3/Custom-Ability-System-Project/MyProject/Saved/Config/Windows/Scalability.ini]
[2022.06.03-16.08.28:956][  0]LogConfig: Setting CVar [[r.SkeletalMeshLODBias:0]]
[2022.06.03-16.08.28:956][  0]LogConfig: Setting CVar [[r.ViewDistanceScale:1.0]]
[2022.06.03-16.08.28:956][  0]LogConfig: Applying CVar settings from Section [AntiAliasingQuality@3] File [D:/Take3/Custom-Ability-System-Project/MyProject/Saved/Config/Windows/Scalability.ini]
[2022.06.03-16.08.28:956][  0]LogConfig: Setting CVar [[r.PostProcessAAQuality:4]]
[2022.06.03-16.08.28:956][  0]LogConfig: Applying CVar settings from Section [ShadowQuality@3] File [D:/Take3/Custom-Ability-System-Project/MyProject/Saved/Config/Windows/Scalability.ini]
[2022.06.03-16.08.28:956][  0]LogConfig: Setting CVar [[r.LightFunctionQuality:1]]
[2022.06.03-16.08.28:956][  0]LogConfig: Setting CVar [[r.ShadowQuality:5]]
[2022.06.03-16.08.28:956][  0]LogConfig: Setting CVar [[r.Shadow.CSM.MaxCascades:10]]
[2022.06.03-16.08.28:956][  0]LogConfig: Setting CVar [[r.Shadow.MaxResolution:2048]]
[2022.06.03-16.08.28:956][  0]LogConfig: Setting CVar [[r.Shadow.MaxCSMResolution:2048]]
[2022.06.03-16.08.28:956][  0]LogConfig: Setting CVar [[r.Shadow.RadiusThreshold:0.01]]
[2022.06.03-16.08.28:956][  0]LogConfig: Setting CVar [[r.Shadow.DistanceScale:1.0]]
[2022.06.03-16.08.28:956][  0]LogConfig: Setting CVar [[r.Shadow.CSM.TransitionScale:1.0]]
[2022.06.03-16.08.28:956][  0]LogConfig: Setting CVar [[r.Shadow.PreShadowResolutionFactor:1.0]]
[2022.06.03-16.08.28:956][  0]LogConfig: Setting CVar [[r.DistanceFieldShadowing:1]]
[2022.06.03-16.08.28:956][  0]LogConfig: Setting CVar [[r.DistanceFieldAO:1]]
[2022.06.03-16.08.28:956][  0]LogConfig: Setting CVar [[r.AOQuality:2]]
[2022.06.03-16.08.28:956][  0]LogConfig: Setting CVar [[r.VolumetricFog:1]]
[2022.06.03-16.08.28:956][  0]LogConfig: Setting CVar [[r.VolumetricFog.GridPixelSize:8]]
[2022.06.03-16.08.28:956][  0]LogConfig: Setting CVar [[r.VolumetricFog.GridSizeZ:128]]
[2022.06.03-16.08.28:956][  0]LogConfig: Setting CVar [[r.VolumetricFog.HistoryMissSupersampleCount:4]]
[2022.06.03-16.08.28:956][  0]LogConfig: Setting CVar [[r.LightMaxDrawDistanceScale:1]]
[2022.06.03-16.08.28:956][  0]LogConfig: Setting CVar [[r.CapsuleShadows:1]]
[2022.06.03-16.08.28:956][  0]LogConfig: Applying CVar settings from Section [PostProcessQuality@3] File [D:/Take3/Custom-Ability-System-Project/MyProject/Saved/Config/Windows/Scalability.ini]
[2022.06.03-16.08.28:956][  0]LogConfig: Setting CVar [[r.MotionBlurQuality:4]]
[2022.06.03-16.08.28:956][  0]LogConfig: Setting CVar [[r.AmbientOcclusionMipLevelFactor:0.4]]
[2022.06.03-16.08.28:956][  0]LogConfig: Setting CVar [[r.AmbientOcclusionMaxQuality:100]]
[2022.06.03-16.08.28:956][  0]LogConfig: Setting CVar [[r.AmbientOcclusionLevels:-1]]
[2022.06.03-16.08.28:956][  0]LogConfig: Setting CVar [[r.AmbientOcclusionRadiusScale:1.0]]
[2022.06.03-16.08.28:956][  0]LogConfig: Setting CVar [[r.DepthOfFieldQuality:2]]
[2022.06.03-16.08.28:956][  0]LogConfig: Setting CVar [[r.RenderTargetPoolMin:400]]
[2022.06.03-16.08.28:956][  0]LogConfig: Setting CVar [[r.LensFlareQuality:2]]
[2022.06.03-16.08.28:956][  0]LogConfig: Setting CVar [[r.SceneColorFringeQuality:1]]
[2022.06.03-16.08.28:956][  0]LogConfig: Setting CVar [[r.EyeAdaptationQuality:2]]
[2022.06.03-16.08.28:956][  0]LogConfig: Setting CVar [[r.BloomQuality:5]]
[2022.06.03-16.08.28:956][  0]LogConfig: Setting CVar [[r.FastBlurThreshold:100]]
[2022.06.03-16.08.28:956][  0]LogConfig: Setting CVar [[r.Upscale.Quality:3]]
[2022.06.03-16.08.28:956][  0]LogConfig: Setting CVar [[r.Tonemapper.GrainQuantization:1]]
[2022.06.03-16.08.28:956][  0]LogConfig: Setting CVar [[r.LightShaftQuality:1]]
[2022.06.03-16.08.28:956][  0]LogConfig: Setting CVar [[r.Filter.SizeScale:1]]
[2022.06.03-16.08.28:956][  0]LogConfig: Setting CVar [[r.Tonemapper.Quality:5]]
[2022.06.03-16.08.28:957][  0]LogConfig: Setting CVar [[r.DOF.Gather.AccumulatorQuality:1        ; higher gathering accumulator quality]]
[2022.06.03-16.08.28:957][  0]LogConfig: Setting CVar [[r.DOF.Gather.PostfilterMethod:1          ; Median3x3 postfilering method]]
[2022.06.03-16.08.28:957][  0]LogConfig: Setting CVar [[r.DOF.Gather.EnableBokehSettings:0       ; no bokeh simulation when gathering]]
[2022.06.03-16.08.28:957][  0]LogConfig: Setting CVar [[r.DOF.Gather.RingCount:4                 ; medium number of samples when gathering]]
[2022.06.03-16.08.28:957][  0]LogConfig: Setting CVar [[r.DOF.Scatter.ForegroundCompositing:1    ; additive foreground scattering]]
[2022.06.03-16.08.28:957][  0]LogConfig: Setting CVar [[r.DOF.Scatter.BackgroundCompositing:2    ; additive background scattering]]
[2022.06.03-16.08.28:957][  0]LogConfig: Setting CVar [[r.DOF.Scatter.EnableBokehSettings:1      ; bokeh simulation when scattering]]
[2022.06.03-16.08.28:957][  0]LogConfig: Setting CVar [[r.DOF.Scatter.MaxSpriteRatio:0.1         ; only a maximum of 10% of scattered bokeh]]
[2022.06.03-16.08.28:957][  0]LogConfig: Setting CVar [[r.DOF.Recombine.Quality:1                ; cheap slight out of focus]]
[2022.06.03-16.08.28:957][  0]LogConfig: Setting CVar [[r.DOF.Recombine.EnableBokehSettings:0    ; no bokeh simulation on slight out of focus]]
[2022.06.03-16.08.28:957][  0]LogConfig: Setting CVar [[r.DOF.TemporalAAQuality:1                ; more stable temporal accumulation]]
[2022.06.03-16.08.28:957][  0]LogConfig: Setting CVar [[r.DOF.Kernel.MaxForegroundRadius:0.025]]
[2022.06.03-16.08.28:957][  0]LogConfig: Setting CVar [[r.DOF.Kernel.MaxBackgroundRadius:0.025]]
[2022.06.03-16.08.28:957][  0]LogConfig: Applying CVar settings from Section [TextureQuality@3] File [D:/Take3/Custom-Ability-System-Project/MyProject/Saved/Config/Windows/Scalability.ini]
[2022.06.03-16.08.28:957][  0]LogConfig: Setting CVar [[r.Streaming.MipBias:0]]
[2022.06.03-16.08.28:957][  0]LogConfig: Setting CVar [[r.Streaming.AmortizeCPUToGPUCopy:0]]
[2022.06.03-16.08.28:957][  0]LogConfig: Setting CVar [[r.Streaming.MaxNumTexturesToStreamPerFrame:0]]
[2022.06.03-16.08.28:957][  0]LogConfig: Setting CVar [[r.Streaming.Boost:1]]
[2022.06.03-16.08.28:957][  0]LogConfig: Setting CVar [[r.MaxAnisotropy:8]]
[2022.06.03-16.08.28:957][  0]LogConfig: Setting CVar [[r.VT.MaxAnisotropy:8]]
[2022.06.03-16.08.28:957][  0]LogConfig: Setting CVar [[r.Streaming.LimitPoolSizeToVRAM:0]]
[2022.06.03-16.08.28:957][  0]LogConfig: Setting CVar [[r.Streaming.PoolSize:1000]]
[2022.06.03-16.08.28:957][  0]LogConfig: Setting CVar [[r.Streaming.MaxEffectiveScreenSize:0]]
[2022.06.03-16.08.28:957][  0]LogConfig: Applying CVar settings from Section [EffectsQuality@3] File [D:/Take3/Custom-Ability-System-Project/MyProject/Saved/Config/Windows/Scalability.ini]
[2022.06.03-16.08.28:957][  0]LogConfig: Setting CVar [[r.TranslucencyLightingVolumeDim:64]]
[2022.06.03-16.08.28:957][  0]LogConfig: Setting CVar [[r.RefractionQuality:2]]
[2022.06.03-16.08.28:957][  0]LogConfig: Setting CVar [[r.SSR.Quality:3]]
[2022.06.03-16.08.28:957][  0]LogConfig: Setting CVar [[r.SSR.HalfResSceneColor:0]]
[2022.06.03-16.08.28:957][  0]LogConfig: Setting CVar [[r.SceneColorFormat:4]]
[2022.06.03-16.08.28:957][  0]LogConfig: Setting CVar [[r.DetailMode:2]]
[2022.06.03-16.08.28:957][  0]LogConfig: Setting CVar [[r.TranslucencyVolumeBlur:1]]
[2022.06.03-16.08.28:957][  0]LogConfig: Setting CVar [[r.MaterialQualityLevel:1 ; High quality]]
[2022.06.03-16.08.28:957][  0]LogConfig: Setting CVar [[r.AnisotropicMaterials:1]]
[2022.06.03-16.08.28:957][  0]LogConfig: Setting CVar [[r.SSS.Scale:1]]
[2022.06.03-16.08.28:957][  0]LogConfig: Setting CVar [[r.SSS.SampleSet:2]]
[2022.06.03-16.08.28:957][  0]LogConfig: Setting CVar [[r.SSS.Quality:1]]
[2022.06.03-16.08.28:957][  0]LogConfig: Setting CVar [[r.SSS.HalfRes:0]]
[2022.06.03-16.08.28:957][  0]LogConfig: Setting CVar [[r.SSGI.Quality:3]]
[2022.06.03-16.08.28:957][  0]LogConfig: Setting CVar [[r.EmitterSpawnRateScale:1.0]]
[2022.06.03-16.08.28:957][  0]LogConfig: Setting CVar [[r.ParticleLightQuality:2]]
[2022.06.03-16.08.28:957][  0]LogConfig: Setting CVar [[r.SkyAtmosphere.AerialPerspectiveLUT.FastApplyOnOpaque:1 ; Always have FastSkyLUT 1 in this case to avoid wrong sky]]
[2022.06.03-16.08.28:957][  0]LogConfig: Setting CVar [[r.SkyAtmosphere.AerialPerspectiveLUT.SampleCountMaxPerSlice:4]]
[2022.06.03-16.08.28:957][  0]LogConfig: Setting CVar [[r.SkyAtmosphere.AerialPerspectiveLUT.DepthResolution:16.0]]
[2022.06.03-16.08.28:957][  0]LogConfig: Setting CVar [[r.SkyAtmosphere.FastSkyLUT:1]]
[2022.06.03-16.08.28:957][  0]LogConfig: Setting CVar [[r.SkyAtmosphere.FastSkyLUT.SampleCountMin:4.0]]
[2022.06.03-16.08.28:957][  0]LogConfig: Setting CVar [[r.SkyAtmosphere.FastSkyLUT.SampleCountMax:128.0]]
[2022.06.03-16.08.28:957][  0]LogConfig: Setting CVar [[r.SkyAtmosphere.SampleCountMin:4.0]]
[2022.06.03-16.08.28:957][  0]LogConfig: Setting CVar [[r.SkyAtmosphere.SampleCountMax:128.0]]
[2022.06.03-16.08.28:957][  0]LogConfig: Setting CVar [[r.SkyAtmosphere.TransmittanceLUT.UseSmallFormat:0]]
[2022.06.03-16.08.28:957][  0]LogConfig: Setting CVar [[r.SkyAtmosphere.TransmittanceLUT.SampleCount:10.0]]
[2022.06.03-16.08.28:957][  0]LogConfig: Setting CVar [[r.SkyAtmosphere.MultiScatteringLUT.SampleCount:15.0]]
[2022.06.03-16.08.28:957][  0]LogConfig: Setting CVar [[r.SkyLight.RealTimeReflectionCapture:1]]
[2022.06.03-16.08.28:957][  0]LogConfig: Applying CVar settings from Section [FoliageQuality@3] File [D:/Take3/Custom-Ability-System-Project/MyProject/Saved/Config/Windows/Scalability.ini]
[2022.06.03-16.08.28:957][  0]LogConfig: Setting CVar [[foliage.DensityScale:1.0]]
[2022.06.03-16.08.28:957][  0]LogConfig: Setting CVar [[grass.DensityScale:1.0]]
[2022.06.03-16.08.28:957][  0]LogConfig: Applying CVar settings from Section [ShadingQuality@3] File [D:/Take3/Custom-Ability-System-Project/MyProject/Saved/Config/Windows/Scalability.ini]
[2022.06.03-16.08.28:957][  0]LogConfig: Setting CVar [[r.HairStrands.SkyLighting.IntegrationType:2]]
[2022.06.03-16.08.28:957][  0]LogConfig: Setting CVar [[r.HairStrands.SkyAO.SampleCount:4]]
[2022.06.03-16.08.28:957][  0]LogConfig: Setting CVar [[r.HairStrands.Visibility.MSAA.SamplePerPixel:4]]
[2022.06.03-16.08.28:957][  0]LogInit: Selected Device Profile: [Windows]
[2022.06.03-16.08.28:957][  0]LogInit: Applying CVar settings loaded from the selected device profile: [Windows]
[2022.06.03-16.08.28:957][  0]LogHAL: Display: Platform has ~ 12 GB [12829503488 / 17179869184 / 12], which maps to Larger [LargestMinGB=32, LargerMinGB=12, DefaultMinGB=8, SmallerMinGB=6, SmallestMinGB=0)
[2022.06.03-16.08.28:957][  0]LogInit: Going up to parent DeviceProfile []
[2022.06.03-16.08.28:957][  0]LogConfig: Applying CVar settings from Section [ViewDistanceQuality@3] File [D:/Take3/Custom-Ability-System-Project/MyProject/Saved/Config/Windows/Scalability.ini]
[2022.06.03-16.08.28:958][  0]LogConfig: Setting CVar [[r.SkeletalMeshLODBias:0]]
[2022.06.03-16.08.28:958][  0]LogConfig: Setting CVar [[r.ViewDistanceScale:1.0]]
[2022.06.03-16.08.28:958][  0]LogConfig: Applying CVar settings from Section [AntiAliasingQuality@3] File [D:/Take3/Custom-Ability-System-Project/MyProject/Saved/Config/Windows/Scalability.ini]
[2022.06.03-16.08.28:958][  0]LogConfig: Setting CVar [[r.PostProcessAAQuality:4]]
[2022.06.03-16.08.28:958][  0]LogConfig: Applying CVar settings from Section [ShadowQuality@3] File [D:/Take3/Custom-Ability-System-Project/MyProject/Saved/Config/Windows/Scalability.ini]
[2022.06.03-16.08.28:958][  0]LogConfig: Setting CVar [[r.LightFunctionQuality:1]]
[2022.06.03-16.08.28:958][  0]LogConfig: Setting CVar [[r.ShadowQuality:5]]
[2022.06.03-16.08.28:958][  0]LogConfig: Setting CVar [[r.Shadow.CSM.MaxCascades:10]]
[2022.06.03-16.08.28:958][  0]LogConfig: Setting CVar [[r.Shadow.MaxResolution:2048]]
[2022.06.03-16.08.28:958][  0]LogConfig: Setting CVar [[r.Shadow.MaxCSMResolution:2048]]
[2022.06.03-16.08.28:958][  0]LogConfig: Setting CVar [[r.Shadow.RadiusThreshold:0.01]]
[2022.06.03-16.08.28:958][  0]LogConfig: Setting CVar [[r.Shadow.DistanceScale:1.0]]
[2022.06.03-16.08.28:958][  0]LogConfig: Setting CVar [[r.Shadow.CSM.TransitionScale:1.0]]
[2022.06.03-16.08.28:958][  0]LogConfig: Setting CVar [[r.Shadow.PreShadowResolutionFactor:1.0]]
[2022.06.03-16.08.28:958][  0]LogConfig: Setting CVar [[r.DistanceFieldShadowing:1]]
[2022.06.03-16.08.28:958][  0]LogConfig: Setting CVar [[r.DistanceFieldAO:1]]
[2022.06.03-16.08.28:958][  0]LogConfig: Setting CVar [[r.AOQuality:2]]
[2022.06.03-16.08.28:958][  0]LogConfig: Setting CVar [[r.VolumetricFog:1]]
[2022.06.03-16.08.28:958][  0]LogConfig: Setting CVar [[r.VolumetricFog.GridPixelSize:8]]
[2022.06.03-16.08.28:958][  0]LogConfig: Setting CVar [[r.VolumetricFog.GridSizeZ:128]]
[2022.06.03-16.08.28:958][  0]LogConfig: Setting CVar [[r.VolumetricFog.HistoryMissSupersampleCount:4]]
[2022.06.03-16.08.28:958][  0]LogConfig: Setting CVar [[r.LightMaxDrawDistanceScale:1]]
[2022.06.03-16.08.28:958][  0]LogConfig: Setting CVar [[r.CapsuleShadows:1]]
[2022.06.03-16.08.28:958][  0]LogConfig: Applying CVar settings from Section [PostProcessQuality@3] File [D:/Take3/Custom-Ability-System-Project/MyProject/Saved/Config/Windows/Scalability.ini]
[2022.06.03-16.08.28:958][  0]LogConfig: Setting CVar [[r.MotionBlurQuality:4]]
[2022.06.03-16.08.28:958][  0]LogConfig: Setting CVar [[r.AmbientOcclusionMipLevelFactor:0.4]]
[2022.06.03-16.08.28:958][  0]LogConfig: Setting CVar [[r.AmbientOcclusionMaxQuality:100]]
[2022.06.03-16.08.28:958][  0]LogConfig: Setting CVar [[r.AmbientOcclusionLevels:-1]]
[2022.06.03-16.08.28:958][  0]LogConfig: Setting CVar [[r.AmbientOcclusionRadiusScale:1.0]]
[2022.06.03-16.08.28:958][  0]LogConfig: Setting CVar [[r.DepthOfFieldQuality:2]]
[2022.06.03-16.08.28:958][  0]LogConfig: Setting CVar [[r.RenderTargetPoolMin:400]]
[2022.06.03-16.08.28:958][  0]LogConfig: Setting CVar [[r.LensFlareQuality:2]]
[2022.06.03-16.08.28:958][  0]LogConfig: Setting CVar [[r.SceneColorFringeQuality:1]]
[2022.06.03-16.08.28:958][  0]LogConfig: Setting CVar [[r.EyeAdaptationQuality:2]]
[2022.06.03-16.08.28:958][  0]LogConfig: Setting CVar [[r.BloomQuality:5]]
[2022.06.03-16.08.28:958][  0]LogConfig: Setting CVar [[r.FastBlurThreshold:100]]
[2022.06.03-16.08.28:958][  0]LogConfig: Setting CVar [[r.Upscale.Quality:3]]
[2022.06.03-16.08.28:958][  0]LogConfig: Setting CVar [[r.Tonemapper.GrainQuantization:1]]
[2022.06.03-16.08.28:958][  0]LogConfig: Setting CVar [[r.LightShaftQuality:1]]
[2022.06.03-16.08.28:958][  0]LogConfig: Setting CVar [[r.Filter.SizeScale:1]]
[2022.06.03-16.08.28:958][  0]LogConfig: Setting CVar [[r.Tonemapper.Quality:5]]
[2022.06.03-16.08.28:958][  0]LogConfig: Setting CVar [[r.DOF.Gather.AccumulatorQuality:1        ; higher gathering accumulator quality]]
[2022.06.03-16.08.28:958][  0]LogConfig: Setting CVar [[r.DOF.Gather.PostfilterMethod:1          ; Median3x3 postfilering method]]
[2022.06.03-16.08.28:958][  0]LogConfig: Setting CVar [[r.DOF.Gather.EnableBokehSettings:0       ; no bokeh simulation when gathering]]
[2022.06.03-16.08.28:958][  0]LogConfig: Setting CVar [[r.DOF.Gather.RingCount:4                 ; medium number of samples when gathering]]
[2022.06.03-16.08.28:958][  0]LogConfig: Setting CVar [[r.DOF.Scatter.ForegroundCompositing:1    ; additive foreground scattering]]
[2022.06.03-16.08.28:958][  0]LogConfig: Setting CVar [[r.DOF.Scatter.BackgroundCompositing:2    ; additive background scattering]]
[2022.06.03-16.08.28:958][  0]LogConfig: Setting CVar [[r.DOF.Scatter.EnableBokehSettings:1      ; bokeh simulation when scattering]]
[2022.06.03-16.08.28:958][  0]LogConfig: Setting CVar [[r.DOF.Scatter.MaxSpriteRatio:0.1         ; only a maximum of 10% of scattered bokeh]]
[2022.06.03-16.08.28:958][  0]LogConfig: Setting CVar [[r.DOF.Recombine.Quality:1                ; cheap slight out of focus]]
[2022.06.03-16.08.28:958][  0]LogConfig: Setting CVar [[r.DOF.Recombine.EnableBokehSettings:0    ; no bokeh simulation on slight out of focus]]
[2022.06.03-16.08.28:958][  0]LogConfig: Setting CVar [[r.DOF.TemporalAAQuality:1                ; more stable temporal accumulation]]
[2022.06.03-16.08.28:958][  0]LogConfig: Setting CVar [[r.DOF.Kernel.MaxForegroundRadius:0.025]]
[2022.06.03-16.08.28:958][  0]LogConfig: Setting CVar [[r.DOF.Kernel.MaxBackgroundRadius:0.025]]
[2022.06.03-16.08.28:958][  0]LogConfig: Applying CVar settings from Section [TextureQuality@3] File [D:/Take3/Custom-Ability-System-Project/MyProject/Saved/Config/Windows/Scalability.ini]
[2022.06.03-16.08.28:958][  0]LogConfig: Setting CVar [[r.Streaming.MipBias:0]]
[2022.06.03-16.08.28:958][  0]LogConfig: Setting CVar [[r.Streaming.AmortizeCPUToGPUCopy:0]]
[2022.06.03-16.08.28:958][  0]LogConfig: Setting CVar [[r.Streaming.MaxNumTexturesToStreamPerFrame:0]]
[2022.06.03-16.08.28:958][  0]LogConfig: Setting CVar [[r.Streaming.Boost:1]]
[2022.06.03-16.08.28:958][  0]LogConfig: Setting CVar [[r.MaxAnisotropy:8]]
[2022.06.03-16.08.28:958][  0]LogConfig: Setting CVar [[r.VT.MaxAnisotropy:8]]
[2022.06.03-16.08.28:958][  0]LogConfig: Setting CVar [[r.Streaming.LimitPoolSizeToVRAM:0]]
[2022.06.03-16.08.28:958][  0]LogConfig: Setting CVar [[r.Streaming.PoolSize:1000]]
[2022.06.03-16.08.28:958][  0]LogConfig: Setting CVar [[r.Streaming.MaxEffectiveScreenSize:0]]
[2022.06.03-16.08.28:958][  0]LogConfig: Applying CVar settings from Section [EffectsQuality@3] File [D:/Take3/Custom-Ability-System-Project/MyProject/Saved/Config/Windows/Scalability.ini]
[2022.06.03-16.08.28:958][  0]LogConfig: Setting CVar [[r.TranslucencyLightingVolumeDim:64]]
[2022.06.03-16.08.28:958][  0]LogConfig: Setting CVar [[r.RefractionQuality:2]]
[2022.06.03-16.08.28:959][  0]LogConfig: Setting CVar [[r.SSR.Quality:3]]
[2022.06.03-16.08.28:959][  0]LogConfig: Setting CVar [[r.SSR.HalfResSceneColor:0]]
[2022.06.03-16.08.28:959][  0]LogConfig: Setting CVar [[r.SceneColorFormat:4]]
[2022.06.03-16.08.28:959][  0]LogConfig: Setting CVar [[r.DetailMode:2]]
[2022.06.03-16.08.28:959][  0]LogConfig: Setting CVar [[r.TranslucencyVolumeBlur:1]]
[2022.06.03-16.08.28:959][  0]LogConfig: Setting CVar [[r.MaterialQualityLevel:1 ; High quality]]
[2022.06.03-16.08.28:959][  0]LogConfig: Setting CVar [[r.AnisotropicMaterials:1]]
[2022.06.03-16.08.28:959][  0]LogConfig: Setting CVar [[r.SSS.Scale:1]]
[2022.06.03-16.08.28:959][  0]LogConfig: Setting CVar [[r.SSS.SampleSet:2]]
[2022.06.03-16.08.28:959][  0]LogConfig: Setting CVar [[r.SSS.Quality:1]]
[2022.06.03-16.08.28:959][  0]LogConfig: Setting CVar [[r.SSS.HalfRes:0]]
[2022.06.03-16.08.28:959][  0]LogConfig: Setting CVar [[r.SSGI.Quality:3]]
[2022.06.03-16.08.28:959][  0]LogConfig: Setting CVar [[r.EmitterSpawnRateScale:1.0]]
[2022.06.03-16.08.28:959][  0]LogConfig: Setting CVar [[r.ParticleLightQuality:2]]
[2022.06.03-16.08.28:959][  0]LogConfig: Setting CVar [[r.SkyAtmosphere.AerialPerspectiveLUT.FastApplyOnOpaque:1 ; Always have FastSkyLUT 1 in this case to avoid wrong sky]]
[2022.06.03-16.08.28:959][  0]LogConfig: Setting CVar [[r.SkyAtmosphere.AerialPerspectiveLUT.SampleCountMaxPerSlice:4]]
[2022.06.03-16.08.28:959][  0]LogConfig: Setting CVar [[r.SkyAtmosphere.AerialPerspectiveLUT.DepthResolution:16.0]]
[2022.06.03-16.08.28:959][  0]LogConfig: Setting CVar [[r.SkyAtmosphere.FastSkyLUT:1]]
[2022.06.03-16.08.28:959][  0]LogConfig: Setting CVar [[r.SkyAtmosphere.FastSkyLUT.SampleCountMin:4.0]]
[2022.06.03-16.08.28:959][  0]LogConfig: Setting CVar [[r.SkyAtmosphere.FastSkyLUT.SampleCountMax:128.0]]
[2022.06.03-16.08.28:959][  0]LogConfig: Setting CVar [[r.SkyAtmosphere.SampleCountMin:4.0]]
[2022.06.03-16.08.28:959][  0]LogConfig: Setting CVar [[r.SkyAtmosphere.SampleCountMax:128.0]]
[2022.06.03-16.08.28:959][  0]LogConfig: Setting CVar [[r.SkyAtmosphere.TransmittanceLUT.UseSmallFormat:0]]
[2022.06.03-16.08.28:959][  0]LogConfig: Setting CVar [[r.SkyAtmosphere.TransmittanceLUT.SampleCount:10.0]]
[2022.06.03-16.08.28:959][  0]LogConfig: Setting CVar [[r.SkyAtmosphere.MultiScatteringLUT.SampleCount:15.0]]
[2022.06.03-16.08.28:959][  0]LogConfig: Setting CVar [[r.SkyLight.RealTimeReflectionCapture:1]]
[2022.06.03-16.08.28:959][  0]LogConfig: Applying CVar settings from Section [FoliageQuality@3] File [D:/Take3/Custom-Ability-System-Project/MyProject/Saved/Config/Windows/Scalability.ini]
[2022.06.03-16.08.28:959][  0]LogConfig: Setting CVar [[foliage.DensityScale:1.0]]
[2022.06.03-16.08.28:959][  0]LogConfig: Setting CVar [[grass.DensityScale:1.0]]
[2022.06.03-16.08.28:959][  0]LogConfig: Applying CVar settings from Section [ShadingQuality@3] File [D:/Take3/Custom-Ability-System-Project/MyProject/Saved/Config/Windows/Scalability.ini]
[2022.06.03-16.08.28:959][  0]LogConfig: Setting CVar [[r.HairStrands.SkyLighting.IntegrationType:2]]
[2022.06.03-16.08.28:959][  0]LogConfig: Setting CVar [[r.HairStrands.SkyAO.SampleCount:4]]
[2022.06.03-16.08.28:959][  0]LogConfig: Setting CVar [[r.HairStrands.Visibility.MSAA.SamplePerPixel:4]]
[2022.06.03-16.08.28:959][  0]LogConfig: Applying CVar settings from Section [Startup] File [../../../Engine/Config/ConsoleVariables.ini]
[2022.06.03-16.08.28:960][  0]LogConfig: Setting CVar [[net.UseAdaptiveNetUpdateFrequency:0]]
[2022.06.03-16.08.28:960][  0]LogConfig: Setting CVar [[p.chaos.AllowCreatePhysxBodies:1]]
[2022.06.03-16.08.28:960][  0]LogConfig: Setting CVar [[fx.SkipVectorVMBackendOptimizations:1]]
[2022.06.03-16.08.28:960][  0]LogConfig: Applying CVar settings from Section [ConsoleVariables] File [D:/Take3/Custom-Ability-System-Project/MyProject/Saved/Config/Windows/Engine.ini]
[2022.06.03-16.08.28:960][  0]LogConfig: Applying CVar settings from Section [ConsoleVariables] File [D:/Take3/Custom-Ability-System-Project/MyProject/Saved/Config/Windows/Editor.ini]
[2022.06.03-16.08.28:960][  0]LogInit: Computer: DESKTOP-CQVSNSK
[2022.06.03-16.08.28:960][  0]LogInit: User: ob000
[2022.06.03-16.08.28:960][  0]LogInit: CPU Page size=4096, Cores=4
[2022.06.03-16.08.28:960][  0]LogInit: High frequency timer resolution =10.000000 MHz
[2022.06.03-16.08.28:960][  0]LogMemory: Memory total: Physical=11.9GB (12GB approx)
[2022.06.03-16.08.28:960][  0]LogMemory: Platform Memory Stats for Windows
[2022.06.03-16.08.28:960][  0]LogMemory: Process Physical Memory: 144.89 MB used, 144.89 MB peak
[2022.06.03-16.08.28:960][  0]LogMemory: Process Virtual Memory: 125.40 MB used, 125.40 MB peak
[2022.06.03-16.08.28:960][  0]LogMemory: Physical Memory: 7536.57 MB used,  4698.60 MB free, 12235.17 MB total
[2022.06.03-16.08.28:960][  0]LogMemory: Virtual Memory: 134210384.00 MB used,  7340.47 MB free, 134217728.00 MB total
[2022.06.03-16.08.28:968][  0]LogWindows: WindowsPlatformFeatures enabled
[2022.06.03-16.08.29:027][  0]LogInit: Physics initialised using underlying interface: PhysX
[2022.06.03-16.08.29:028][  0]LogInit: Using OS detected language (en-GB).
[2022.06.03-16.08.29:028][  0]LogInit: Using OS detected locale (en-GB).
[2022.06.03-16.08.29:037][  0]LogTextLocalizationManager: No specific localization for 'en-GB' exists, so the 'en' localization will be used.
[2022.06.03-16.08.29:348][  0]LogInit: Setting process to per monitor DPI aware
[2022.06.03-16.08.29:362][  0]LogWindowsTextInputMethodSystem: Display: IME system deactivated.
[2022.06.03-16.08.29:384][  0]LogSlate: New Slate User Created.  User Index 0, Is Virtual User: 0
[2022.06.03-16.08.29:384][  0]LogSlate: Slate User Registered.  User Index 0, Is Virtual User: 0
[2022.06.03-16.08.29:596][  0]LogD3D11RHI: Loaded GFSDK_Aftermath_Lib.x64.dll
[2022.06.03-16.08.29:599][  0]LogHMD: Failed to initialize OpenVR with code 110
[2022.06.03-16.08.29:599][  0]LogD3D11RHI: D3D11 min allowed feature level: 11_0
[2022.06.03-16.08.29:599][  0]LogD3D11RHI: D3D11 max allowed feature level: 11_0
[2022.06.03-16.08.29:599][  0]LogD3D11RHI: D3D11 adapters:
[2022.06.03-16.08.29:746][  0]LogD3D11RHI:    0. 'NVIDIA GeForce RTX 2060' (Feature Level 11_0)
[2022.06.03-16.08.29:746][  0]LogD3D11RHI:       5980/0/6117 MB DedicatedVideo/DedicatedSystem/SharedSystem, Outputs:2, VendorId:0x10de
[2022.06.03-16.08.29:750][  0]LogD3D11RHI:    1. 'Microsoft Basic Render Driver' (Feature Level 11_0)
[2022.06.03-16.08.29:750][  0]LogD3D11RHI:       0/0/6117 MB DedicatedVideo/DedicatedSystem/SharedSystem, Outputs:0, VendorId:0x1414
[2022.06.03-16.08.29:750][  0]LogD3D11RHI: Chosen D3D11 Adapter:
[2022.06.03-16.08.29:750][  0]LogD3D11RHI:     Description : NVIDIA GeForce RTX 2060
[2022.06.03-16.08.29:750][  0]LogD3D11RHI:     VendorId    : 10de
[2022.06.03-16.08.29:750][  0]LogD3D11RHI:     DeviceId    : 1f08
[2022.06.03-16.08.29:750][  0]LogD3D11RHI:     SubSysId    : 152719da
[2022.06.03-16.08.29:750][  0]LogD3D11RHI:     Revision    : 00a1
[2022.06.03-16.08.29:750][  0]LogD3D11RHI:     DedicatedVideoMemory : 6270484480 bytes
[2022.06.03-16.08.29:750][  0]LogD3D11RHI:     DedicatedSystemMemory : 0 bytes
[2022.06.03-16.08.29:750][  0]LogD3D11RHI:     SharedSystemMemory : 6414751744 bytes
[2022.06.03-16.08.29:750][  0]LogD3D11RHI:     AdapterLuid : 0 59846
[2022.06.03-16.08.29:757][  0]LogD3D11RHI: Creating new Direct3DDevice
[2022.06.03-16.08.29:757][  0]LogD3D11RHI:     GPU DeviceId: 0x1f08 (for the marketing name, search the web for "GPU Device Id")
[2022.06.03-16.08.29:757][  0]LogWindows: EnumDisplayDevices:
[2022.06.03-16.08.29:757][  0]LogWindows:    0. 'NVIDIA GeForce RTX 2060' (P:0 D:1)
[2022.06.03-16.08.29:758][  0]LogWindows:    1. 'NVIDIA GeForce RTX 2060' (P:1 D:1)
[2022.06.03-16.08.29:758][  0]LogWindows:    2. 'NVIDIA GeForce RTX 2060' (P:0 D:0)
[2022.06.03-16.08.29:758][  0]LogWindows:    3. 'NVIDIA GeForce RTX 2060' (P:0 D:0)
[2022.06.03-16.08.29:758][  0]LogWindows: DebugString: FoundDriverCount:4 
[2022.06.03-16.08.29:759][  0]LogD3D11RHI:     Adapter Name: NVIDIA GeForce RTX 2060
[2022.06.03-16.08.29:759][  0]LogD3D11RHI:   Driver Version: 511.65 (internal:30.0.15.1165, unified:511.65)
[2022.06.03-16.08.29:759][  0]LogD3D11RHI:      Driver Date: 1-28-2022
[2022.06.03-16.08.29:759][  0]LogRHI: Texture pool is 4186 MB (70% of 5980 MB)
[2022.06.03-16.08.29:759][  0]LogD3D11RHI: Creating D3DDevice using adapter:
[2022.06.03-16.08.29:759][  0]LogD3D11RHI:     Description : NVIDIA GeForce RTX 2060
[2022.06.03-16.08.29:759][  0]LogD3D11RHI:     VendorId    : 10de
[2022.06.03-16.08.29:759][  0]LogD3D11RHI:     DeviceId    : 1f08
[2022.06.03-16.08.29:759][  0]LogD3D11RHI:     SubSysId    : 152719da
[2022.06.03-16.08.29:759][  0]LogD3D11RHI:     Revision    : 00a1
[2022.06.03-16.08.29:759][  0]LogD3D11RHI:     DedicatedVideoMemory : 6270484480 bytes
[2022.06.03-16.08.29:759][  0]LogD3D11RHI:     DedicatedSystemMemory : 0 bytes
[2022.06.03-16.08.29:759][  0]LogD3D11RHI:     SharedSystemMemory : 6414751744 bytes
[2022.06.03-16.08.29:759][  0]LogD3D11RHI:     AdapterLuid : 0 59846
[2022.06.03-16.08.29:862][  0]LogD3D11RHI: RHI has support for 64 bit atomics
[2022.06.03-16.08.29:862][  0]LogD3D11RHI: Async texture creation enabled
[2022.06.03-16.08.29:862][  0]LogD3D11RHI: Array index from any shader is supported
[2022.06.03-16.08.29:896][  0]LogD3D11RHI: GPU Timing Frequency: 1000.000000 (Debug: 2 1)
[2022.06.03-16.08.29:937][  0]LogRHI: GeForceNow SDK initialized: 1
[2022.06.03-16.08.31:293][  0]LogTargetPlatformManager: Display: Loaded TargetPlatform 'AllDesktop'
[2022.06.03-16.08.31:330][  0]LogTargetPlatformManager: Display: Loaded TargetPlatform 'Android'
[2022.06.03-16.08.31:330][  0]LogTargetPlatformManager: Display: Loaded TargetPlatform 'Android_ASTC'
[2022.06.03-16.08.31:330][  0]LogTargetPlatformManager: Display: Loaded TargetPlatform 'Android_DXT'
[2022.06.03-16.08.31:330][  0]LogTargetPlatformManager: Display: Loaded TargetPlatform 'Android_ETC2'
[2022.06.03-16.08.31:330][  0]LogTargetPlatformManager: Display: Loaded TargetPlatform 'AndroidClient'
[2022.06.03-16.08.31:330][  0]LogTargetPlatformManager: Display: Loaded TargetPlatform 'Android_ASTCClient'
[2022.06.03-16.08.31:330][  0]LogTargetPlatformManager: Display: Loaded TargetPlatform 'Android_DXTClient'
[2022.06.03-16.08.31:330][  0]LogTargetPlatformManager: Display: Loaded TargetPlatform 'Android_ETC2Client'
[2022.06.03-16.08.31:330][  0]LogTargetPlatformManager: Display: Loaded TargetPlatform 'Android_Multi'
[2022.06.03-16.08.31:330][  0]LogTargetPlatformManager: Display: Loaded TargetPlatform 'Android_MultiClient'
[2022.06.03-16.08.31:358][  0]LogTargetPlatformManager: Display: Loaded TargetPlatform 'IOSClient'
[2022.06.03-16.08.31:358][  0]LogTargetPlatformManager: Display: Loaded TargetPlatform 'IOS'
[2022.06.03-16.08.31:371][  0]LogTargetPlatformManager: Display: Loaded TargetPlatform 'Linux'
[2022.06.03-16.08.31:379][  0]LogTargetPlatformManager: Display: Loaded TargetPlatform 'LinuxNoEditor'
[2022.06.03-16.08.31:386][  0]LogTargetPlatformManager: Display: Loaded TargetPlatform 'LinuxClient'
[2022.06.03-16.08.31:394][  0]LogTargetPlatformManager: Display: Loaded TargetPlatform 'LinuxServer'
[2022.06.03-16.08.31:408][  0]LogTargetPlatformManager: Display: Loaded TargetPlatform 'LinuxAArch64NoEditor'
[2022.06.03-16.08.31:415][  0]LogTargetPlatformManager: Display: Loaded TargetPlatform 'LinuxAArch64Client'
[2022.06.03-16.08.31:422][  0]LogTargetPlatformManager: Display: Loaded TargetPlatform 'LinuxAArch64Server'
[2022.06.03-16.08.31:457][  0]LogTargetPlatformManager: Display: Loaded TargetPlatform 'Lumin'
[2022.06.03-16.08.31:458][  0]LogTargetPlatformManager: Display: Loaded TargetPlatform 'LuminClient'
[2022.06.03-16.08.31:469][  0]LogTargetPlatformManager: Display: Loaded TargetPlatform 'MacNoEditor'
[2022.06.03-16.08.31:477][  0]LogTargetPlatformManager: Display: Loaded TargetPlatform 'Mac'
[2022.06.03-16.08.31:483][  0]LogTargetPlatformManager: Display: Loaded TargetPlatform 'MacClient'
[2022.06.03-16.08.31:490][  0]LogTargetPlatformManager: Display: Loaded TargetPlatform 'MacServer'
[2022.06.03-16.08.31:505][  0]LogTargetPlatformManager: Display: Loaded TargetPlatform 'TVOSClient'
[2022.06.03-16.08.31:505][  0]LogTargetPlatformManager: Display: Loaded TargetPlatform 'TVOS'
[2022.06.03-16.08.31:520][  0]LogTargetPlatformManager: Display: Loaded TargetPlatform 'WindowsNoEditor'
[2022.06.03-16.08.31:527][  0]LogTargetPlatformManager: Display: Loaded TargetPlatform 'Windows'
[2022.06.03-16.08.31:534][  0]LogTargetPlatformManager: Display: Loaded TargetPlatform 'WindowsClient'
[2022.06.03-16.08.31:541][  0]LogTargetPlatformManager: Display: Loaded TargetPlatform 'WindowsServer'
[2022.06.03-16.08.31:541][  0]LogTargetPlatformManager: Display: Building Assets For Windows
[2022.06.03-16.08.31:553][  0]LogAudioDebug: Display: Lib vorbis DLL was dynamically loaded.
[2022.06.03-16.08.31:602][  0]LogTextureFormatOodle: Display: Oodle Texture 2.9.0 init RDO Off
[2022.06.03-16.08.31:651][  0]LogRendererCore: Ray tracing is disabled. Reason: r.RayTracing=0.
[2022.06.03-16.08.31:652][  0]LogShaderCompilers: Guid format shader working directory is -20 characters bigger than the processId version (../../../../../../../Take3/Custom-Ability-System-Project/MyProject/Intermediate/Shaders/WorkingDirectory/6368/).
[2022.06.03-16.08.31:652][  0]LogShaderCompilers: Cleaned the shader compiler working directory 'C:/Users/ob000/AppData/Local/Temp/UnrealShaderWorkingDir/EC904DE04BFD928B303C57ADA0BD3892/'.
[2022.06.03-16.08.31:652][  0]LogXGEController: Cannot use XGE Controller as Incredibuild is not installed on this machine.
[2022.06.03-16.08.31:653][  0]LogShaderCompilers: Cannot use XGE Shader Compiler as Incredibuild is not installed on this machine.
[2022.06.03-16.08.31:653][  0]LogShaderCompilers: Display: Using Local Shader Compiler.
[2022.06.03-16.08.32:755][  0]LogDerivedDataCache: Display: Max Cache Size: 512 MB
[2022.06.03-16.08.32:845][  0]LogDerivedDataCache: Loaded boot cache 0.09s 94MB C:/Users/ob000/AppData/Local/UnrealEngine/4.27/DerivedDataCache/Boot.ddc.
[2022.06.03-16.08.32:846][  0]LogDerivedDataCache: Display: Loaded Boot cache: C:/Users/ob000/AppData/Local/UnrealEngine/4.27/DerivedDataCache/Boot.ddc
[2022.06.03-16.08.32:846][  0]LogDerivedDataCache: FDerivedDataBackendGraph:  Pak pak cache file ../../../../../../../Take3/Custom-Ability-System-Project/MyProject/DerivedDataCache/DDC.ddp not found, will not use a pak cache.
[2022.06.03-16.08.32:846][  0]LogDerivedDataCache: Unable to find inner node Pak for hierarchical cache Hierarchy.
[2022.06.03-16.08.32:846][  0]LogDerivedDataCache: FDerivedDataBackendGraph:  CompressedPak pak cache file ../../../../../../../Take3/Custom-Ability-System-Project/MyProject/DerivedDataCache/Compressed.ddp not found, will not use a pak cache.
[2022.06.03-16.08.32:846][  0]LogDerivedDataCache: Unable to find inner node CompressedPak for hierarchical cache Hierarchy.
[2022.06.03-16.08.32:875][  0]LogDerivedDataCache: Display: Pak cache opened for reading ../../../Engine/DerivedDataCache/Compressed.ddp.
[2022.06.03-16.08.32:876][  0]LogDerivedDataCache: FDerivedDataBackendGraph:  EnterprisePak pak cache file ../../../Enterprise/DerivedDataCache/Compressed.ddp not found, will not use a pak cache.
[2022.06.03-16.08.32:876][  0]LogDerivedDataCache: Unable to find inner node EnterprisePak for hierarchical cache Hierarchy.
[2022.06.03-16.08.32:889][  0]LogDerivedDataCache: Speed tests for C:/Users/ob000/AppData/Local/UnrealEngine/Common/DerivedDataCache took 0.01 seconds
[2022.06.03-16.08.32:889][  0]LogDerivedDataCache: Display: Performance to C:/Users/ob000/AppData/Local/UnrealEngine/Common/DerivedDataCache: Latency=0.07ms. RandomReadSpeed=732.38MBs, RandomWriteSpeed=86.83MBs. Assigned SpeedClass 'Local'
[2022.06.03-16.08.32:894][  0]LogDerivedDataCache: Using Local data cache path C:/Users/ob000/AppData/Local/UnrealEngine/Common/DerivedDataCache: Writable
[2022.06.03-16.08.32:894][  0]LogDerivedDataCache: Shared data cache path not found in *engine.ini, will not use an Shared cache.
[2022.06.03-16.08.32:895][  0]LogDerivedDataCache: Unable to find inner node Shared for hierarchical cache Hierarchy.
[2022.06.03-16.08.32:961][  0]LogSlate: Using FreeType 2.10.0
[2022.06.03-16.08.32:961][  0]LogSlate: SlateFontServices - WITH_FREETYPE: 1, WITH_HARFBUZZ: 1
[2022.06.03-16.08.32:995][  0]LogAssetRegistry: FAssetRegistry took 0.0038 seconds to start up
[2022.06.03-16.08.33:386][  0]LogInit: Selected Device Profile: [Windows]
[2022.06.03-16.08.33:386][  0]LogInit: Active device profile: [00000213B74A4900][00000213B5468C40 49] Windows
[2022.06.03-16.08.33:386][  0]LogInit: Profiles: [00000213B74A4900][00000213B5468C40 49] Windows, [00000213B748B800][00000213B546CD80 49] WindowsNoEditor, [00000213B74A7500][00000213B5474F00 49] WindowsServer, [00000213B7488E00][00000213B5479080 49] WindowsClient, [00000213B74A7800][00000213B547D200 49] IOS, [00000213B748A800][00000213B5481380 49] iPadAir, [00000213B74A6000][00000213B5485500 49] iPadAir2, [00000213B7430A00][00000213B548D7C0 49] IPadPro, [00000213B7430B00][00000213B5489800 49] iPadAir3, [00000213B7489900][00000213B5491980 49] iPadAir4, [00000213B7433400][00000213B5495B00 49] iPadMini2, [00000213B748AA00][00000213B5498100 49] iPadMini3, [00000213B7431700][00000213B549C280 49] iPadMini4, [00000213B74A5100][00000213B766E400 49] iPadMini5, [00000213B7464300][00000213B76766C0 49] iPhone6, [00000213B7464400][00000213B7672700 49] iPodTouch6, [00000213B7433600][00000213B767E9C0 49] iPhone7, [00000213B7431800][00000213B767AA00 49] iPodTouch7, [00000213B7467F00][00000213B5470B40 49] iPhone5S, [00000213B748A200][00000213B7682C80 49] iPhone6Plus, [00000213B7430200][00000213B7686DC0 49] iPhone6S, [00000213B748A400][00000213B768AF00 49] iPhone6SPlus, [00000213B7433C00][00000213B7693080 49] iPhone7Plus, [00000213B7488300][00000213B7697200 49] iPhoneSE, [00000213B7433500][00000213B769B380 49] iPhone8, [00000213B7489E00][00000213B769F500 49] iPhone8Plus, [00000213B7431100][00000213B76A3680 49] iPhoneX, [00000213B7488400][00000213B76A7800 49] iPhoneXS, [00000213B7431300][00000213B76AB980 49] iPhoneXSMax, [00000213B7489400][00000213B76AFB00 49] iPhoneXR, [00000213B7433800][00000213B76B2100 49] iPhone11, [00000213B748AE00][00000213B76B6280 49] iPhone11Pro, [00000213B7433700][00000213B76BA400 49] iPhone11ProMax, [00000213B7488F00][00000213B76BE580 49] iPhoneSE2, [00000213B7432E00][00000213B76C2700 49] iPhone12Mini, [00000213B748BC00][00000213B76C6880 49] iPhone12, [00000213B7432400][00000213B76CAA00 49] iPhone12Pro, [00000213B7488700][00000213B76CEB80 49] iPhone12ProMax, [00000213B7432300][00000213B76D2D00 49] iPadPro105, [00000213B748B100][00000213B768EE40 49] iPadPro129, [00000213B7432200][00000213B76D6F80 49] iPadPro97, [00000213B7488B00][00000213B76DB0C0 49] iPadPro2_129, [00000213B7433200][00000213B76E3240 49] iPad5, [00000213B748B400][00000213B76E73C0 49] iPad6, [00000213B7433300][00000213B76EB540 49] iPad7, [00000213B7488200][00000213B76EF6C0 49] iPad8, [00000213B7431A00][00000213B76F3840 49] iPadPro11, [00000213B7489600][00000213B76F79C0 49] iPadPro2_11, [00000213B7431D00][00000213B76FBB40 49] iPadPro3_129, [00000213B748B900][00000213B76FE140 49] iPadPro4_129, [00000213B7433000][00000213B77022C0 49] AppleTV, [00000213B748BF00][00000213B7706440 49] AppleTV4K, [00000213B7430100][00000213B770A5C0 49] TVOS, [00000213B748A500][00000213B770E740 49] Mac, [00000213B7433B00][00000213B77128C0 49] MacClient, [00000213B7489B00][00000213B7716A40 49] MacNoEditor, [00000213B7432C00][00000213B771ABC0 49] MacServer, [00000213B7488A00][00000213B771ED40 49] Linux, [00000213B7432000][00000213B7722EC0 49] LinuxAArch64, [00000213B748A700][00000213B76DF000 49] LinuxNoEditor, [00000213B7432500][00000213B7727140 49] LinuxAArch64NoEditor, [00000213B7489500][00000213B772B280 49] LinuxClient, [00000213B7433900][00000213B772F3C0 49] LinuxAArch64Client, [00000213B7489700][00000213B7737540 49] LinuxServer, [00000213B7431900][00000213B773B6C0 49] LinuxAArch64Server, [00000213B748B700][00000213B773F840 49] Android, [00000213B7430600][00000213B77439C0 49] Android_Low, [00000213B748AD00][00000213B7747B40 49] Android_Mid, [00000213B74A7A00][00000213B774A140 49] Android_High, [00000213B7465C00][00000213B774E2C0 49] Android_Default, [00000213B74A6100][00000213B7752440 49] Android_Adreno4xx, [00000213B7466700][00000213B77565C0 49] Android_Adreno5xx_Low, [00000213B74A4A00][00000213B775A740 49] Android_Adreno5xx, [00000213B7466D00][00000213B775E8C0 49] Android_Adreno6xx, [00000213B74A5200][00000213B7762A40 49] Android_Adreno6xx_Vulkan, [00000213B7466800][00000213B7766BC0 49] Android_Mali_T6xx, [00000213B74A6600][00000213B776AD40 49] Android_Mali_T7xx, [00000213B7466E00][00000213B776EEC0 49] Android_Mali_T8xx, [00000213B74A7200][00000213B7773040 49] Android_Mali_G71, [00000213B7467C00][00000213B7733180 49] Android_Mali_G72, [00000213B74A6A00][00000213B77772C0 49] Android_Mali_G72_Vulkan, [00000213B7465B00][00000213B777B400 49] Android_Mali_G76, [00000213B74A5A00][00000213B777F540 49] Android_Mali_G76_Vulkan, [00000213B7466000][00000213B77876C0 49] Android_Mali_G77, [00000213B74A6D00][00000213B778B840 49] Android_Mali_G77_Vulkan, [00000213B7467800][00000213B778F9C0 49] Android_Mali_G78, [00000213B74A6800][00000213B7793B40 49] Android_Mali_G78_Vulkan, [00000213B7465200][00000213B7796140 49] Android_Mali_G710, [00000213B74A4E00][00000213B779A2C0 49] Android_Mali_G710_Vulkan, [00000213B7467500][00000213B779E440 49] Android_Vulkan_SM5, [00000213B74A7400][00000213B77A25C0 49] Android_PowerVR_G6xxx, [00000213B7466C00][00000213B77A6740 49] Android_PowerVR_GT7xxx, [00000213B74A7C00][00000213B77AA8C0 49] Android_PowerVR_GE8xxx, [00000213B7464E00][00000213B77AEA40 49] Android_PowerVR_GM9xxx, [00000213B74A5800][00000213B77B2BC0 49] Android_PowerVR_GM9xxx_Vulkan, [00000213B7466400][00000213B77B6D40 49] Android_TegraK1, [00000213B74A5000][00000213B77BAEC0 49] Android_Unknown_Vulkan, [00000213B748BA00][00000213B77BF040 49] Lumin, [00000213B74A5E00][00000213B77C31C0 49] Lumin_Desktop, [00000213B7489C00][00000213B77C7340 49] HoloLens, 
[2022.06.03-16.08.33:572][  0]LogMeshReduction: Using QuadricMeshReduction for automatic static mesh reduction
[2022.06.03-16.08.33:572][  0]LogMeshReduction: Using SimplygonMeshReduction for automatic skeletal mesh reduction
[2022.06.03-16.08.33:572][  0]LogMeshReduction: Using ProxyLODMeshReduction for automatic mesh merging
[2022.06.03-16.08.33:572][  0]LogMeshReduction: No distributed automatic mesh merging module available
[2022.06.03-16.08.33:572][  0]LogMeshMerging: No distributed automatic mesh merging module available
[2022.06.03-16.08.33:598][  0]LogNetVersion: MyProject 1.0.0, NetCL: 17155196, EngineNetVer: 17, GameNetVer: 0 (Checksum: 3629800737)
[2022.06.03-16.08.34:258][  0]LogTexture: Default maximum texture size for cubemaps generated from long-lat sources has been changed from 512 to unlimited. In order to preserve old behaiour for '/Engine/MapTemplates/Sky/DaylightAmbientCubemap.DaylightAmbientCubemap', its maximum texture size has been explicitly set to 512.
[2022.06.03-16.08.34:339][  0]LogHMD: PokeAHoleMaterial loaded successfully
[2022.06.03-16.08.34:348][  0]LogUObjectArray: 17178 objects as part of root set at end of initial load.
[2022.06.03-16.08.34:348][  0]LogUObjectAllocator: 4302048 out of 0 bytes used by permanent object pool.
[2022.06.03-16.08.34:348][  0]LogUObjectArray: CloseDisregardForGC: 0/0 objects in disregard for GC pool
[2022.06.03-16.08.34:755][  0]LogNiagaraDebuggerClient: Niagara Debugger Client Initialized | Session: 261D670E45AC0123CBC3A3B0E7DF81B8 | Instance: FC0A6C6F490CC22B38E1B1BF573DC07E (DESKTOP-CQVSNSK-6368).
[2022.06.03-16.08.34:934][  0]LogTcpMessaging: Initializing TcpMessaging bridge
[2022.06.03-16.08.34:988][  0]LogUdpMessaging: Initializing bridge on interface 0.0.0.0:0 to multicast group 230.0.0.1:6666.
[2022.06.03-16.08.35:014][  0]LogPython: Using Python 3.7.7
[2022.06.03-16.08.36:035][  0]SourceControl: Source control is disabled
[2022.06.03-16.08.36:035][  0]SourceControl: Source control is disabled
[2022.06.03-16.08.36:041][  0]SourceControl: Source control is disabled
[2022.06.03-16.08.36:045][  0]SourceControl: Source control is disabled
[2022.06.03-16.08.36:060][  0]SourceControl: Source control is disabled
[2022.06.03-16.08.36:069][  0]LogUProjectInfo: Found projects:
[2022.06.03-16.08.36:425][  0]LogOpenImageDenoise: OIDN starting up
[2022.06.03-16.08.36:443][  0]LogAndroidPermission: UAndroidPermissionCallbackProxy::GetInstance
[2022.06.03-16.08.36:478][  0]LogAudioCaptureCore: Display: No Audio Capture implementations found. Audio input will be silent.
[2022.06.03-16.08.36:478][  0]LogAudioCaptureCore: Display: No Audio Capture implementations found. Audio input will be silent.
[2022.06.03-16.08.36:658][  0]LogCollectionManager: Loaded 0 collections in 0.002963 seconds
[2022.06.03-16.08.36:708][  0]LogFileCache: Scanning file cache for directory 'D:/Take3/Custom-Ability-System-Project/MyProject/Saved/Collections/' took 0.00s
[2022.06.03-16.08.36:708][  0]LogFileCache: Scanning file cache for directory 'D:/Take3/Custom-Ability-System-Project/MyProject/Content/Developers/ob000/Collections/' took 0.01s
[2022.06.03-16.08.36:708][  0]LogFileCache: Scanning file cache for directory 'D:/Take3/Custom-Ability-System-Project/MyProject/Content/Collections/' took 0.00s
[2022.06.03-16.08.36:708][  0]LogOcInput: OculusInput pre-init called
[2022.06.03-16.08.37:081][  0]LogEngine: Initializing Engine...
[2022.06.03-16.08.37:084][  0]LogHMD: Failed to enumerate extensions. Please check that you have a valid OpenXR runtime installed.
[2022.06.03-16.08.37:084][  0]LogHMD: Failed to initialize OpenVR with code 110
[2022.06.03-16.08.37:084][  0]LogMagicLeap: Warning: VR disabled because ZI is not enabled.  To enable, in the editor, Edit -> Project Settings -> Plugins -> Magic Leap Plugin -> Enable Zero Iteration
[2022.06.03-16.08.37:085][  0]LogStats: UGameplayTagsManager::InitializeManager -  0.000 s
[2022.06.03-16.08.37:276][  0]LogInit: Initializing FReadOnlyCVARCache
[2022.06.03-16.08.37:288][  0]LogAIModule: Creating AISystem for world Untitled
[2022.06.03-16.08.37:288][  0]LogAudio: Display: Initializing Audio Device Manager...
[2022.06.03-16.08.37:294][  0]LogAudio: Display: Loading Default Audio Settings Objects...
[2022.06.03-16.08.37:294][  0]LogAudio: Display: No default SoundConcurrencyObject specified (or failed to load).
[2022.06.03-16.08.37:295][  0]LogAudio: Display: Audio Device Manager Initialized
[2022.06.03-16.08.37:295][  0]LogAudio: Display: Creating Audio Device:                 Id: 1, Scope: Shared, Realtime: True
[2022.06.03-16.08.37:295][  0]LogAudioMixer: Display: Audio Mixer Platform Settings:
[2022.06.03-16.08.37:295][  0]LogAudioMixer: Display: 	Sample Rate:						  48000
[2022.06.03-16.08.37:295][  0]LogAudioMixer: Display: 	Callback Buffer Frame Size Requested: 1024
[2022.06.03-16.08.37:295][  0]LogAudioMixer: Display: 	Callback Buffer Frame Size To Use:	  1024
[2022.06.03-16.08.37:295][  0]LogAudioMixer: Display: 	Number of buffers to queue:			  2
[2022.06.03-16.08.37:295][  0]LogAudioMixer: Display: 	Max Channels (voices):				  32
[2022.06.03-16.08.37:295][  0]LogAudioMixer: Display: 	Number of Async Source Workers:		  0
[2022.06.03-16.08.37:295][  0]LogAudio: Display: AudioDevice MaxSources: 32
[2022.06.03-16.08.37:296][  0]LogAudio: Display: Audio Spatialization Plugin: None (built-in).
[2022.06.03-16.08.37:296][  0]LogAudio: Display: Audio Reverb Plugin: None (built-in).
[2022.06.03-16.08.37:296][  0]LogAudio: Display: Audio Occlusion Plugin: None (built-in).
[2022.06.03-16.08.37:296][  0]LogAudioMixer: Display: Initializing audio mixer.
[2022.06.03-16.08.37:318][  0]LogAudioMixer: Display: 0: FrontLeft
[2022.06.03-16.08.37:318][  0]LogAudioMixer: Display: 1: FrontRight
[2022.06.03-16.08.37:351][  0]LogAudioMixer: Display: Using Audio Device Speakers (3- USB Audio CODEC )
[2022.06.03-16.08.37:354][  0]LogAudioMixer: Display: Initializing Sound Submixes...
[2022.06.03-16.08.37:358][  0]LogAudioMixer: Display: Creating Master Submix 'MasterSubmixDefault'
[2022.06.03-16.08.37:358][  0]LogAudioMixer: Display: Creating Master Submix 'MasterReverbSubmixDefault'
[2022.06.03-16.08.37:360][  0]LogAudioMixer: Display: Creating Master Submix 'MasterEQSubmixDefault'
[2022.06.03-16.08.37:360][  0]LogAudioMixer: FMixerPlatformXAudio2::StartAudioStream() called
[2022.06.03-16.08.37:360][  0]LogAudioMixer: Display: Output buffers initialized: Frames=1024, Channels=2, Samples=2048
[2022.06.03-16.08.37:361][  0]LogAudioMixer: Display: Starting AudioMixerPlatformInterface::RunInternal()
[2022.06.03-16.08.37:361][  0]LogAudioMixer: Display: FMixerPlatformXAudio2::SubmitBuffer() called for the first time
[2022.06.03-16.08.37:361][  0]LogInit: FAudioDevice initialized.
[2022.06.03-16.08.37:362][  0]LogAudio: Display: Audio Device (ID: 1) registered with world 'Untitled'.
[2022.06.03-16.08.37:362][  0]LogNetVersion: Set ProjectVersion to 1.0.0.0. Version Checksum will be recalculated on next use.
[2022.06.03-16.08.37:471][  0]LogDerivedDataCache: Saved boot cache 0.11s 94MB C:/Users/ob000/AppData/Local/UnrealEngine/4.27/DerivedDataCache/Boot.ddc.
[2022.06.03-16.08.37:477][  0]LogInit: Texture streaming: Enabled
[2022.06.03-16.08.37:496][  0]LogAnalytics: Display: [UEEditor.Rocket.Release] APIServer = https://datarouter.ol.epicgames.com/. AppVersion = 4.27.2-18319896+++UE4+Release-4.27
[2022.06.03-16.08.37:502][  0]LogEngineSessionManager: EngineSessionManager initialized
[2022.06.03-16.08.37:502][  0]LogEditorSessionSummary: Verbose: Initializing EditorSessionSummaryWriter for editor session tracking
[2022.06.03-16.08.37:506][  0]LogEditorSessionSummary: EditorSessionSummaryWriter initialized
[2022.06.03-16.08.37:530][  0]LogInit: Transaction tracking system initialized
[2022.06.03-16.08.37:563][  0]BlueprintLog: New page: Editor Load
[2022.06.03-16.08.37:678][  0]LocalizationService: Localization service is disabled
[2022.06.03-16.08.37:712][  0]TimingProfiler: Initialize
[2022.06.03-16.08.37:712][  0]TimingProfiler: OnSessionChanged
[2022.06.03-16.08.37:712][  0]LoadingProfiler: Initialize
[2022.06.03-16.08.37:712][  0]LoadingProfiler: OnSessionChanged
[2022.06.03-16.08.37:712][  0]NetworkingProfiler: Initialize
[2022.06.03-16.08.37:712][  0]NetworkingProfiler: OnSessionChanged
[2022.06.03-16.08.37:712][  0]MemoryProfiler: Initialize
[2022.06.03-16.08.37:712][  0]MemoryProfiler: OnSessionChanged
[2022.06.03-16.08.37:962][  0]LogCook: Display: CookSettings for Memory: MemoryMaxUsedVirtual 0MiB, MemoryMaxUsedPhysical 16384MiB, MemoryMinFreeVirtual 0MiB, MemoryMinFreePhysical 1024MiB
[2022.06.03-16.08.37:962][  0]LogCook: Display: Mobile HDR setting 1
[2022.06.03-16.08.38:191][  0]LogFileCache: Scanning file cache for directory 'D:/Take3/Custom-Ability-System-Project/MyProject/Content/' took 0.00s
[2022.06.03-16.08.38:543][  0]LogInit: Display: Engine is initialized. Leaving FEngineLoop::Init()
[2022.06.03-16.08.38:548][  0]SourceControl: Source control is disabled
[2022.06.03-16.08.38:548][  0]LogUnrealEdMisc: Loading editor; pre map load, took 11.648
[2022.06.03-16.08.38:549][  0]Cmd: MAP LOAD FILE="../../../../../../../Take3/Custom-Ability-System-Project/MyProject/Content/FirstPersonBP/Maps/FirstPersonExampleMap.umap" TEMPLATE=0 SHOWPROGRESS=1 FEATURELEVEL=3
[2022.06.03-16.08.38:549][  0]LightingResults: New page: Lighting Build
[2022.06.03-16.08.38:551][  0]LogWorld: UWorld::CleanupWorld for Untitled, bSessionEnded=true, bCleanupResources=true
[2022.06.03-16.08.38:551][  0]LogSlate: InvalidateAllWidgets triggered.  All widgets were invalidated
[2022.06.03-16.08.38:551][  0]MapCheck: New page: Map Check
[2022.06.03-16.08.38:551][  0]LightingResults: New page: Lighting Build
[2022.06.03-16.08.38:563][  0]LogAudio: Display: Audio Device unregistered from world 'None'.
[2022.06.03-16.08.38:567][  0]LogUObjectHash: Compacting FUObjectHashTables data took   0.97ms
[2022.06.03-16.08.38:867][  0]LogTexture: Display: Building textures: DeprecatedTexture4E9A31EC459F824B7293D9A5960F381F (BGRA8, 128X128)
[2022.06.03-16.08.38:964][  0]LogAudio: Display: Audio Device (ID: 1) registered with world 'FirstPersonExampleMap'.
[2022.06.03-16.08.38:965][  0]LogAIModule: Creating AISystem for world FirstPersonExampleMap
[2022.06.03-16.08.38:980][  0]LogEditorServer: Finished looking for orphan Actors (0.000 secs)
[2022.06.03-16.08.39:011][  0]LogUObjectHash: Compacting FUObjectHashTables data took   1.32ms
[2022.06.03-16.08.39:012][  0]Cmd: MAP CHECKDEP NOCLEARLOG
[2022.06.03-16.08.39:012][  0]MapCheck: Map check complete: 0 Error(s), 0 Warning(s), took 0.194ms to complete.
[2022.06.03-16.08.39:012][  0]LogFileHelpers: Loading map 'FirstPersonExampleMap' took 0.464
[2022.06.03-16.08.39:014][  0]LogUnrealEdMisc: Total Editor Startup Time, took 12.114
[2022.06.03-16.08.39:150][  0]LogNativeClassHierarchy: Verbose: Native class hierarchy populated in 0.0147 seconds. Added 3822 classes and 928 folders.
[2022.06.03-16.08.39:153][  0]LogNativeClassHierarchy: Verbose: Native class hierarchy updated for 'WidgetCarousel' in 0.0003 seconds. Added 0 classes and 0 folders.
[2022.06.03-16.08.39:155][  0]LogPakFile: PakFile PrimaryIndexSize=187
[2022.06.03-16.08.39:155][  0]LogPakFile: PakFile PathHashIndexSize=101
[2022.06.03-16.08.39:155][  0]LogPakFile: PakFile FullDirectoryIndexSize=148
[2022.06.03-16.08.39:155][  0]LogShaderLibrary: Display: ShaderCodeLibraryPakFileMountedCallback: PakFile 'D:/x2/a down/Youtube tuts/UE_4.27/FeaturePacks/FP_FirstPerson.upack' (chunk index -1, root 'root:/') mounted
[2022.06.03-16.08.39:155][  0]LogShaderLibrary: Display: ShaderCodeLibraryPakFileMountedCallback: pending pak file info (ChunkID:-1 Root:root:/ File:D:/x2/a down/Youtube tuts/UE_4.27/FeaturePacks/FP_FirstPerson.upack)
[2022.06.03-16.08.39:155][  0]LogPakFile: OnPakFileMounted2Time == 0.000078
[2022.06.03-16.08.39:156][  0]LogPakFile: PakFile PrimaryIndexSize=189
[2022.06.03-16.08.39:156][  0]LogPakFile: PakFile PathHashIndexSize=101
[2022.06.03-16.08.39:156][  0]LogPakFile: PakFile FullDirectoryIndexSize=152
[2022.06.03-16.08.39:156][  0]LogShaderLibrary: Display: ShaderCodeLibraryPakFileMountedCallback: PakFile 'D:/x2/a down/Youtube tuts/UE_4.27/FeaturePacks/FP_FirstPersonBP.upack' (chunk index -1, root 'root:/') mounted
[2022.06.03-16.08.39:156][  0]LogShaderLibrary: Display: ShaderCodeLibraryPakFileMountedCallback: pending pak file info (ChunkID:-1 Root:root:/ File:D:/x2/a down/Youtube tuts/UE_4.27/FeaturePacks/FP_FirstPersonBP.upack)
[2022.06.03-16.08.39:156][  0]LogPakFile: OnPakFileMounted2Time == 0.000060
[2022.06.03-16.08.39:157][  0]LogPakFile: PakFile PrimaryIndexSize=191
[2022.06.03-16.08.39:157][  0]LogPakFile: PakFile PathHashIndexSize=101
[2022.06.03-16.08.39:157][  0]LogPakFile: PakFile FullDirectoryIndexSize=160
[2022.06.03-16.08.39:157][  0]LogShaderLibrary: Display: ShaderCodeLibraryPakFileMountedCallback: PakFile 'D:/x2/a down/Youtube tuts/UE_4.27/FeaturePacks/MobileStarterContent.upack' (chunk index -1, root 'root:/') mounted
[2022.06.03-16.08.39:157][  0]LogShaderLibrary: Display: ShaderCodeLibraryPakFileMountedCallback: pending pak file info (ChunkID:-1 Root:root:/ File:D:/x2/a down/Youtube tuts/UE_4.27/FeaturePacks/MobileStarterContent.upack)
[2022.06.03-16.08.39:157][  0]LogPakFile: OnPakFileMounted2Time == 0.000050
[2022.06.03-16.08.39:158][  0]LogPakFile: PakFile PrimaryIndexSize=185
[2022.06.03-16.08.39:158][  0]LogPakFile: PakFile PathHashIndexSize=101
[2022.06.03-16.08.39:158][  0]LogPakFile: PakFile FullDirectoryIndexSize=148
[2022.06.03-16.08.39:158][  0]LogShaderLibrary: Display: ShaderCodeLibraryPakFileMountedCallback: PakFile 'D:/x2/a down/Youtube tuts/UE_4.27/FeaturePacks/StarterContent.upack' (chunk index -1, root 'root:/') mounted
[2022.06.03-16.08.39:158][  0]LogShaderLibrary: Display: ShaderCodeLibraryPakFileMountedCallback: pending pak file info (ChunkID:-1 Root:root:/ File:D:/x2/a down/Youtube tuts/UE_4.27/FeaturePacks/StarterContent.upack)
[2022.06.03-16.08.39:158][  0]LogPakFile: OnPakFileMounted2Time == 0.000051
[2022.06.03-16.08.39:159][  0]LogPakFile: PakFile PrimaryIndexSize=190
[2022.06.03-16.08.39:159][  0]LogPakFile: PakFile PathHashIndexSize=101
[2022.06.03-16.08.39:159][  0]LogPakFile: PakFile FullDirectoryIndexSize=154
[2022.06.03-16.08.39:159][  0]LogShaderLibrary: Display: ShaderCodeLibraryPakFileMountedCallback: PakFile 'D:/x2/a down/Youtube tuts/UE_4.27/FeaturePacks/TP_2DSideScroller.upack' (chunk index -1, root 'root:/') mounted
[2022.06.03-16.08.39:159][  0]LogShaderLibrary: Display: ShaderCodeLibraryPakFileMountedCallback: pending pak file info (ChunkID:-1 Root:root:/ File:D:/x2/a down/Youtube tuts/UE_4.27/FeaturePacks/TP_2DSideScroller.upack)
[2022.06.03-16.08.39:159][  0]LogPakFile: OnPakFileMounted2Time == 0.000047
[2022.06.03-16.08.39:160][  0]LogPakFile: PakFile PrimaryIndexSize=192
[2022.06.03-16.08.39:160][  0]LogPakFile: PakFile PathHashIndexSize=101
[2022.06.03-16.08.39:160][  0]LogPakFile: PakFile FullDirectoryIndexSize=158
[2022.06.03-16.08.39:160][  0]LogShaderLibrary: Display: ShaderCodeLibraryPakFileMountedCallback: PakFile 'D:/x2/a down/Youtube tuts/UE_4.27/FeaturePacks/TP_2DSideScrollerBP.upack' (chunk index -1, root 'root:/') mounted
[2022.06.03-16.08.39:160][  0]LogShaderLibrary: Display: ShaderCodeLibraryPakFileMountedCallback: pending pak file info (ChunkID:-1 Root:root:/ File:D:/x2/a down/Youtube tuts/UE_4.27/FeaturePacks/TP_2DSideScrollerBP.upack)
[2022.06.03-16.08.39:160][  0]LogPakFile: OnPakFileMounted2Time == 0.000053
[2022.06.03-16.08.39:160][  0]LogPakFile: PakFile PrimaryIndexSize=182
[2022.06.03-16.08.39:160][  0]LogPakFile: PakFile PathHashIndexSize=101
[2022.06.03-16.08.39:160][  0]LogPakFile: PakFile FullDirectoryIndexSize=138
[2022.06.03-16.08.39:160][  0]LogShaderLibrary: Display: ShaderCodeLibraryPakFileMountedCallback: PakFile 'D:/x2/a down/Youtube tuts/UE_4.27/FeaturePacks/TP_Flying.upack' (chunk index -1, root 'root:/') mounted
[2022.06.03-16.08.39:160][  0]LogShaderLibrary: Display: ShaderCodeLibraryPakFileMountedCallback: pending pak file info (ChunkID:-1 Root:root:/ File:D:/x2/a down/Youtube tuts/UE_4.27/FeaturePacks/TP_Flying.upack)
[2022.06.03-16.08.39:160][  0]LogPakFile: OnPakFileMounted2Time == 0.000044
[2022.06.03-16.08.39:161][  0]LogPakFile: PakFile PrimaryIndexSize=184
[2022.06.03-16.08.39:161][  0]LogPakFile: PakFile PathHashIndexSize=101
[2022.06.03-16.08.39:161][  0]LogPakFile: PakFile FullDirectoryIndexSize=142
[2022.06.03-16.08.39:161][  0]LogShaderLibrary: Display: ShaderCodeLibraryPakFileMountedCallback: PakFile 'D:/x2/a down/Youtube tuts/UE_4.27/FeaturePacks/TP_FlyingBP.upack' (chunk index -1, root 'root:/') mounted
[2022.06.03-16.08.39:161][  0]LogShaderLibrary: Display: ShaderCodeLibraryPakFileMountedCallback: pending pak file info (ChunkID:-1 Root:root:/ File:D:/x2/a down/Youtube tuts/UE_4.27/FeaturePacks/TP_FlyingBP.upack)
[2022.06.03-16.08.39:161][  0]LogPakFile: OnPakFileMounted2Time == 0.000064
[2022.06.03-16.08.39:162][  0]LogPakFile: PakFile PrimaryIndexSize=188
[2022.06.03-16.08.39:162][  0]LogPakFile: PakFile PathHashIndexSize=101
[2022.06.03-16.08.39:162][  0]LogPakFile: PakFile FullDirectoryIndexSize=150
[2022.06.03-16.08.39:162][  0]LogShaderLibrary: Display: ShaderCodeLibraryPakFileMountedCallback: PakFile 'D:/x2/a down/Youtube tuts/UE_4.27/FeaturePacks/TP_HandheldARBP.upack' (chunk index -1, root 'root:/') mounted
[2022.06.03-16.08.39:162][  0]LogShaderLibrary: Display: ShaderCodeLibraryPakFileMountedCallback: pending pak file info (ChunkID:-1 Root:root:/ File:D:/x2/a down/Youtube tuts/UE_4.27/FeaturePacks/TP_HandheldARBP.upack)
[2022.06.03-16.08.39:162][  0]LogPakFile: OnPakFileMounted2Time == 0.000061
[2022.06.03-16.08.39:163][  0]LogPakFile: PakFile PrimaryIndexSize=182
[2022.06.03-16.08.39:163][  0]LogPakFile: PakFile PathHashIndexSize=101
[2022.06.03-16.08.39:163][  0]LogPakFile: PakFile FullDirectoryIndexSize=138
[2022.06.03-16.08.39:163][  0]LogShaderLibrary: Display: ShaderCodeLibraryPakFileMountedCallback: PakFile 'D:/x2/a down/Youtube tuts/UE_4.27/FeaturePacks/TP_Puzzle.upack' (chunk index -1, root 'root:/') mounted
[2022.06.03-16.08.39:163][  0]LogShaderLibrary: Display: ShaderCodeLibraryPakFileMountedCallback: pending pak file info (ChunkID:-1 Root:root:/ File:D:/x2/a down/Youtube tuts/UE_4.27/FeaturePacks/TP_Puzzle.upack)
[2022.06.03-16.08.39:163][  0]LogPakFile: OnPakFileMounted2Time == 0.000063
[2022.06.03-16.08.39:164][  0]LogPakFile: PakFile PrimaryIndexSize=184
[2022.06.03-16.08.39:164][  0]LogPakFile: PakFile PathHashIndexSize=101
[2022.06.03-16.08.39:164][  0]LogPakFile: PakFile FullDirectoryIndexSize=142
[2022.06.03-16.08.39:164][  0]LogShaderLibrary: Display: ShaderCodeLibraryPakFileMountedCallback: PakFile 'D:/x2/a down/Youtube tuts/UE_4.27/FeaturePacks/TP_PuzzleBP.upack' (chunk index -1, root 'root:/') mounted
[2022.06.03-16.08.39:164][  0]LogShaderLibrary: Display: ShaderCodeLibraryPakFileMountedCallback: pending pak file info (ChunkID:-1 Root:root:/ File:D:/x2/a down/Youtube tuts/UE_4.27/FeaturePacks/TP_PuzzleBP.upack)
[2022.06.03-16.08.39:164][  0]LogPakFile: OnPakFileMounted2Time == 0.000055
[2022.06.03-16.08.39:165][  0]LogPakFile: PakFile PrimaryIndexSize=183
[2022.06.03-16.08.39:165][  0]LogPakFile: PakFile PathHashIndexSize=101
[2022.06.03-16.08.39:165][  0]LogPakFile: PakFile FullDirectoryIndexSize=140
[2022.06.03-16.08.39:165][  0]LogShaderLibrary: Display: ShaderCodeLibraryPakFileMountedCallback: PakFile 'D:/x2/a down/Youtube tuts/UE_4.27/FeaturePacks/TP_Rolling.upack' (chunk index -1, root 'root:/') mounted
[2022.06.03-16.08.39:165][  0]LogShaderLibrary: Display: ShaderCodeLibraryPakFileMountedCallback: pending pak file info (ChunkID:-1 Root:root:/ File:D:/x2/a down/Youtube tuts/UE_4.27/FeaturePacks/TP_Rolling.upack)
[2022.06.03-16.08.39:165][  0]LogPakFile: OnPakFileMounted2Time == 0.000053
[2022.06.03-16.08.39:166][  0]LogPakFile: PakFile PrimaryIndexSize=185
[2022.06.03-16.08.39:166][  0]LogPakFile: PakFile PathHashIndexSize=101
[2022.06.03-16.08.39:166][  0]LogPakFile: PakFile FullDirectoryIndexSize=144
[2022.06.03-16.08.39:166][  0]LogShaderLibrary: Display: ShaderCodeLibraryPakFileMountedCallback: PakFile 'D:/x2/a down/Youtube tuts/UE_4.27/FeaturePacks/TP_RollingBP.upack' (chunk index -1, root 'root:/') mounted
[2022.06.03-16.08.39:166][  0]LogShaderLibrary: Display: ShaderCodeLibraryPakFileMountedCallback: pending pak file info (ChunkID:-1 Root:root:/ File:D:/x2/a down/Youtube tuts/UE_4.27/FeaturePacks/TP_RollingBP.upack)
[2022.06.03-16.08.39:166][  0]LogPakFile: OnPakFileMounted2Time == 0.000055
[2022.06.03-16.08.39:167][  0]LogPakFile: PakFile PrimaryIndexSize=188
[2022.06.03-16.08.39:167][  0]LogPakFile: PakFile PathHashIndexSize=101
[2022.06.03-16.08.39:167][  0]LogPakFile: PakFile FullDirectoryIndexSize=150
[2022.06.03-16.08.39:167][  0]LogShaderLibrary: Display: ShaderCodeLibraryPakFileMountedCallback: PakFile 'D:/x2/a down/Youtube tuts/UE_4.27/FeaturePacks/TP_SideScroller.upack' (chunk index -1, root 'root:/') mounted
[2022.06.03-16.08.39:167][  0]LogShaderLibrary: Display: ShaderCodeLibraryPakFileMountedCallback: pending pak file info (ChunkID:-1 Root:root:/ File:D:/x2/a down/Youtube tuts/UE_4.27/FeaturePacks/TP_SideScroller.upack)
[2022.06.03-16.08.39:167][  0]LogPakFile: OnPakFileMounted2Time == 0.000054
[2022.06.03-16.08.39:168][  0]LogPakFile: PakFile PrimaryIndexSize=190
[2022.06.03-16.08.39:168][  0]LogPakFile: PakFile PathHashIndexSize=101
[2022.06.03-16.08.39:168][  0]LogPakFile: PakFile FullDirectoryIndexSize=154
[2022.06.03-16.08.39:168][  0]LogShaderLibrary: Display: ShaderCodeLibraryPakFileMountedCallback: PakFile 'D:/x2/a down/Youtube tuts/UE_4.27/FeaturePacks/TP_SideScrollerBP.upack' (chunk index -1, root 'root:/') mounted
[2022.06.03-16.08.39:168][  0]LogShaderLibrary: Display: ShaderCodeLibraryPakFileMountedCallback: pending pak file info (ChunkID:-1 Root:root:/ File:D:/x2/a down/Youtube tuts/UE_4.27/FeaturePacks/TP_SideScrollerBP.upack)
[2022.06.03-16.08.39:168][  0]LogPakFile: OnPakFileMounted2Time == 0.000049
[2022.06.03-16.08.39:169][  0]LogPakFile: PakFile PrimaryIndexSize=187
[2022.06.03-16.08.39:169][  0]LogPakFile: PakFile PathHashIndexSize=101
[2022.06.03-16.08.39:169][  0]LogPakFile: PakFile FullDirectoryIndexSize=148
[2022.06.03-16.08.39:169][  0]LogShaderLibrary: Display: ShaderCodeLibraryPakFileMountedCallback: PakFile 'D:/x2/a down/Youtube tuts/UE_4.27/FeaturePacks/TP_ThirdPerson.upack' (chunk index -1, root 'root:/') mounted
[2022.06.03-16.08.39:169][  0]LogShaderLibrary: Display: ShaderCodeLibraryPakFileMountedCallback: pending pak file info (ChunkID:-1 Root:root:/ File:D:/x2/a down/Youtube tuts/UE_4.27/FeaturePacks/TP_ThirdPerson.upack)
[2022.06.03-16.08.39:169][  0]LogPakFile: OnPakFileMounted2Time == 0.000055
[2022.06.03-16.08.39:169][  0]LogPakFile: PakFile PrimaryIndexSize=189
[2022.06.03-16.08.39:169][  0]LogPakFile: PakFile PathHashIndexSize=101
[2022.06.03-16.08.39:169][  0]LogPakFile: PakFile FullDirectoryIndexSize=152
[2022.06.03-16.08.39:169][  0]LogShaderLibrary: Display: ShaderCodeLibraryPakFileMountedCallback: PakFile 'D:/x2/a down/Youtube tuts/UE_4.27/FeaturePacks/TP_ThirdPersonBP.upack' (chunk index -1, root 'root:/') mounted
[2022.06.03-16.08.39:169][  0]LogShaderLibrary: Display: ShaderCodeLibraryPakFileMountedCallback: pending pak file info (ChunkID:-1 Root:root:/ File:D:/x2/a down/Youtube tuts/UE_4.27/FeaturePacks/TP_ThirdPersonBP.upack)
[2022.06.03-16.08.39:170][  0]LogPakFile: OnPakFileMounted2Time == 0.000042
[2022.06.03-16.08.39:170][  0]LogPakFile: PakFile PrimaryIndexSize=183
[2022.06.03-16.08.39:170][  0]LogPakFile: PakFile PathHashIndexSize=101
[2022.06.03-16.08.39:170][  0]LogPakFile: PakFile FullDirectoryIndexSize=140
[2022.06.03-16.08.39:170][  0]LogShaderLibrary: Display: ShaderCodeLibraryPakFileMountedCallback: PakFile 'D:/x2/a down/Youtube tuts/UE_4.27/FeaturePacks/TP_TopDown.upack' (chunk index -1, root 'root:/') mounted
[2022.06.03-16.08.39:170][  0]LogShaderLibrary: Display: ShaderCodeLibraryPakFileMountedCallback: pending pak file info (ChunkID:-1 Root:root:/ File:D:/x2/a down/Youtube tuts/UE_4.27/FeaturePacks/TP_TopDown.upack)
[2022.06.03-16.08.39:170][  0]LogPakFile: OnPakFileMounted2Time == 0.000051
[2022.06.03-16.08.39:171][  0]LogPakFile: PakFile PrimaryIndexSize=185
[2022.06.03-16.08.39:171][  0]LogPakFile: PakFile PathHashIndexSize=101
[2022.06.03-16.08.39:171][  0]LogPakFile: PakFile FullDirectoryIndexSize=144
[2022.06.03-16.08.39:171][  0]LogShaderLibrary: Display: ShaderCodeLibraryPakFileMountedCallback: PakFile 'D:/x2/a down/Youtube tuts/UE_4.27/FeaturePacks/TP_TopDownBP.upack' (chunk index -1, root 'root:/') mounted
[2022.06.03-16.08.39:171][  0]LogShaderLibrary: Display: ShaderCodeLibraryPakFileMountedCallback: pending pak file info (ChunkID:-1 Root:root:/ File:D:/x2/a down/Youtube tuts/UE_4.27/FeaturePacks/TP_TopDownBP.upack)
[2022.06.03-16.08.39:171][  0]LogPakFile: OnPakFileMounted2Time == 0.000054
[2022.06.03-16.08.39:172][  0]LogPakFile: PakFile PrimaryIndexSize=185
[2022.06.03-16.08.39:172][  0]LogPakFile: PakFile PathHashIndexSize=101
[2022.06.03-16.08.39:172][  0]LogPakFile: PakFile FullDirectoryIndexSize=144
[2022.06.03-16.08.39:172][  0]LogShaderLibrary: Display: ShaderCodeLibraryPakFileMountedCallback: PakFile 'D:/x2/a down/Youtube tuts/UE_4.27/FeaturePacks/TP_TwinStick.upack' (chunk index -1, root 'root:/') mounted
[2022.06.03-16.08.39:172][  0]LogShaderLibrary: Display: ShaderCodeLibraryPakFileMountedCallback: pending pak file info (ChunkID:-1 Root:root:/ File:D:/x2/a down/Youtube tuts/UE_4.27/FeaturePacks/TP_TwinStick.upack)
[2022.06.03-16.08.39:172][  0]LogPakFile: OnPakFileMounted2Time == 0.000042
[2022.06.03-16.08.39:173][  0]LogPakFile: PakFile PrimaryIndexSize=187
[2022.06.03-16.08.39:173][  0]LogPakFile: PakFile PathHashIndexSize=101
[2022.06.03-16.08.39:173][  0]LogPakFile: PakFile FullDirectoryIndexSize=148
[2022.06.03-16.08.39:173][  0]LogShaderLibrary: Display: ShaderCodeLibraryPakFileMountedCallback: PakFile 'D:/x2/a down/Youtube tuts/UE_4.27/FeaturePacks/TP_TwinStickBP.upack' (chunk index -1, root 'root:/') mounted
[2022.06.03-16.08.39:173][  0]LogShaderLibrary: Display: ShaderCodeLibraryPakFileMountedCallback: pending pak file info (ChunkID:-1 Root:root:/ File:D:/x2/a down/Youtube tuts/UE_4.27/FeaturePacks/TP_TwinStickBP.upack)
[2022.06.03-16.08.39:173][  0]LogPakFile: OnPakFileMounted2Time == 0.000051
[2022.06.03-16.08.39:174][  0]LogPakFile: PakFile PrimaryIndexSize=183
[2022.06.03-16.08.39:174][  0]LogPakFile: PakFile PathHashIndexSize=101
[2022.06.03-16.08.39:174][  0]LogPakFile: PakFile FullDirectoryIndexSize=140
[2022.06.03-16.08.39:174][  0]LogShaderLibrary: Display: ShaderCodeLibraryPakFileMountedCallback: PakFile 'D:/x2/a down/Youtube tuts/UE_4.27/FeaturePacks/TP_Vehicle.upack' (chunk index -1, root 'root:/') mounted
[2022.06.03-16.08.39:174][  0]LogShaderLibrary: Display: ShaderCodeLibraryPakFileMountedCallback: pending pak file info (ChunkID:-1 Root:root:/ File:D:/x2/a down/Youtube tuts/UE_4.27/FeaturePacks/TP_Vehicle.upack)
[2022.06.03-16.08.39:174][  0]LogPakFile: OnPakFileMounted2Time == 0.000072
[2022.06.03-16.08.39:175][  0]LogPakFile: PakFile PrimaryIndexSize=186
[2022.06.03-16.08.39:175][  0]LogPakFile: PakFile PathHashIndexSize=101
[2022.06.03-16.08.39:175][  0]LogPakFile: PakFile FullDirectoryIndexSize=146
[2022.06.03-16.08.39:175][  0]LogShaderLibrary: Display: ShaderCodeLibraryPakFileMountedCallback: PakFile 'D:/x2/a down/Youtube tuts/UE_4.27/FeaturePacks/TP_VehicleAdv.upack' (chunk index -1, root 'root:/') mounted
[2022.06.03-16.08.39:176][  0]LogShaderLibrary: Display: ShaderCodeLibraryPakFileMountedCallback: pending pak file info (ChunkID:-1 Root:root:/ File:D:/x2/a down/Youtube tuts/UE_4.27/FeaturePacks/TP_VehicleAdv.upack)
[2022.06.03-16.08.39:176][  0]LogPakFile: OnPakFileMounted2Time == 0.000059
[2022.06.03-16.08.39:176][  0]LogPakFile: PakFile PrimaryIndexSize=188
[2022.06.03-16.08.39:176][  0]LogPakFile: PakFile PathHashIndexSize=101
[2022.06.03-16.08.39:176][  0]LogPakFile: PakFile FullDirectoryIndexSize=150
[2022.06.03-16.08.39:176][  0]LogShaderLibrary: Display: ShaderCodeLibraryPakFileMountedCallback: PakFile 'D:/x2/a down/Youtube tuts/UE_4.27/FeaturePacks/TP_VehicleAdvBP.upack' (chunk index -1, root 'root:/') mounted
[2022.06.03-16.08.39:177][  0]LogShaderLibrary: Display: ShaderCodeLibraryPakFileMountedCallback: pending pak file info (ChunkID:-1 Root:root:/ File:D:/x2/a down/Youtube tuts/UE_4.27/FeaturePacks/TP_VehicleAdvBP.upack)
[2022.06.03-16.08.39:177][  0]LogPakFile: OnPakFileMounted2Time == 0.000057
[2022.06.03-16.08.39:177][  0]LogPakFile: PakFile PrimaryIndexSize=185
[2022.06.03-16.08.39:177][  0]LogPakFile: PakFile PathHashIndexSize=101
[2022.06.03-16.08.39:177][  0]LogPakFile: PakFile FullDirectoryIndexSize=144
[2022.06.03-16.08.39:177][  0]LogShaderLibrary: Display: ShaderCodeLibraryPakFileMountedCallback: PakFile 'D:/x2/a down/Youtube tuts/UE_4.27/FeaturePacks/TP_VehicleBP.upack' (chunk index -1, root 'root:/') mounted
[2022.06.03-16.08.39:177][  0]LogShaderLibrary: Display: ShaderCodeLibraryPakFileMountedCallback: pending pak file info (ChunkID:-1 Root:root:/ File:D:/x2/a down/Youtube tuts/UE_4.27/FeaturePacks/TP_VehicleBP.upack)
[2022.06.03-16.08.39:177][  0]LogPakFile: OnPakFileMounted2Time == 0.000047
[2022.06.03-16.08.39:178][  0]LogPakFile: PakFile PrimaryIndexSize=192
[2022.06.03-16.08.39:178][  0]LogPakFile: PakFile PathHashIndexSize=101
[2022.06.03-16.08.39:178][  0]LogPakFile: PakFile FullDirectoryIndexSize=158
[2022.06.03-16.08.39:178][  0]LogShaderLibrary: Display: ShaderCodeLibraryPakFileMountedCallback: PakFile 'D:/x2/a down/Youtube tuts/UE_4.27/FeaturePacks/TP_VirtualRealityBP.upack' (chunk index -1, root 'root:/') mounted
[2022.06.03-16.08.39:178][  0]LogShaderLibrary: Display: ShaderCodeLibraryPakFileMountedCallback: pending pak file info (ChunkID:-1 Root:root:/ File:D:/x2/a down/Youtube tuts/UE_4.27/FeaturePacks/TP_VirtualRealityBP.upack)
[2022.06.03-16.08.39:178][  0]LogPakFile: OnPakFileMounted2Time == 0.000046
[2022.06.03-16.08.39:250][  0]LogNativeClassHierarchy: Verbose: Native class hierarchy updated for 'AddContentDialog' in 0.0004 seconds. Added 0 classes and 0 folders.
[2022.06.03-16.08.39:277][  0]LogSlate: Updating window title bar state: overlay mode, drag disabled, window buttons hidden, title bar hidden
[2022.06.03-16.08.39:285][  0]LogSlate: Updating window title bar state: overlay mode, drag disabled, window buttons hidden, title bar hidden
[2022.06.03-16.08.39:294][  0]LogSlate: Updating window title bar state: overlay mode, drag disabled, window buttons hidden, title bar hidden
[2022.06.03-16.08.39:302][  0]LogSlate: Updating window title bar state: overlay mode, drag disabled, window buttons hidden, title bar hidden
[2022.06.03-16.08.39:310][  0]LogNativeClassHierarchy: Verbose: Native class hierarchy updated for 'SceneOutliner' in 0.0004 seconds. Added 2 classes and 0 folders.
[2022.06.03-16.08.39:472][  0]LogSlate: Took 0.000232 seconds to synchronously load lazily loaded font '../../../Engine/Content/Slate/Fonts/Roboto-Regular.ttf' (155K)
[2022.06.03-16.08.39:474][  0]LogSlate: Took 0.000236 seconds to synchronously load lazily loaded font '../../../Engine/Content/Editor/Slate/Fonts/FontAwesome.ttf' (139K)
[2022.06.03-16.08.39:478][  0]LogSlate: Took 0.000211 seconds to synchronously load lazily loaded font '../../../Engine/Content/Slate/Fonts/Roboto-Bold.ttf' (160K)
[2022.06.03-16.08.39:481][  0]LogSlate: Took 0.000180 seconds to synchronously load lazily loaded font '../../../Engine/Content/Slate/Fonts/DroidSansMono.ttf' (77K)
[2022.06.03-16.08.39:650][  0]LogRenderer: Reallocating scene render targets to support 912x400 Format 10 NumSamples 1 (Frame:1).
[2022.06.03-16.08.39:817][  0]LogNativeClassHierarchy: Verbose: Native class hierarchy updated for 'HierarchicalLODOutliner' in 0.0003 seconds. Added 0 classes and 0 folders.
[2022.06.03-16.08.39:817][  0]LogLoad: (Engine Initialization) Total time: 12.92 seconds
[2022.06.03-16.08.39:817][  0]LogLoad: (Engine Initialization) Total Blueprint compile time: 0.00 seconds
[2022.06.03-16.08.39:877][  0]LogAssetRegistry: Asset discovery search completed in 6.8834 seconds
[2022.06.03-16.08.39:884][  0]LogCollectionManager: Fixed up redirectors for 0 collections in 0.000004 seconds (updated 0 objects)
[2022.06.03-16.08.39:887][  0]LogContentStreaming: Texture pool size now 1000 MB
[2022.06.03-16.08.39:959][  0]LogRenderer: Reallocating scene render targets to support 912x416 Format 10 NumSamples 1 (Frame:2).
